2025-01-18 14:21:48.0032| Info|Program|正在初始化应用程序...
2025-01-18 14:21:51.7069| Info|HbtNLogger|数据库检查/创建成功
2025-01-18 14:21:52.1764| Info|HbtNLogger|表 hbt_user 初始化成功
2025-01-18 14:21:52.3171| Info|HbtNLogger|表 hbt_role 初始化成功
2025-01-18 14:21:52.4778| Info|HbtNLogger|表 hbt_menu 初始化成功
2025-01-18 14:21:52.5972| Info|HbtNLogger|表 hbt_dept 初始化成功
2025-01-18 14:21:52.7224| Info|HbtNLogger|表 hbt_post 初始化成功
2025-01-18 14:21:52.8177| Info|HbtNLogger|表 hbt_user_role 初始化成功
2025-01-18 14:21:52.9173| Info|HbtNLogger|表 hbt_user_dept 初始化成功
2025-01-18 14:21:53.3402| Info|HbtNLogger|表 hbt_user_post 初始化成功
2025-01-18 14:21:54.1459| Info|HbtNLogger|表 hbt_role_menu 初始化成功
2025-01-18 14:21:55.0358| Info|HbtNLogger|表 hbt_role_dept 初始化成功
2025-01-18 14:21:56.3170| Info|HbtNLogger|表 hbt_tenant 初始化成功
2025-01-18 14:21:57.3868| Info|HbtNLogger|表 hbt_audit_log 初始化成功
2025-01-18 14:21:58.2912| Info|HbtNLogger|表 hbt_login_log 初始化成功
2025-01-18 14:21:59.3125| Info|HbtNLogger|表 hbt_exception_log 初始化成功
2025-01-18 14:21:59.3125| Info|HbtNLogger|数据库初始化完成
2025-01-18 14:21:59.3125| Info|HbtNLogger|[初始化] 开始初始化种子数据...
2025-01-18 14:21:59.7225|Error|HbtNLogger|[初始化] 种子数据初始化失败Microsoft.Data.SqlClient.SqlException (0x80131904): 不能将值 NULL 插入列 'LicenseStartTime'，表 'LeanHbt_Dev.dbo.hbt_tenant'；列不允许有 Null 值。INSERT 失败。
语句已终止。
   at Microsoft.Data.SqlClient.SqlConnection.OnError(SqlException exception, Boolean breakConnection, Action`1 wrapCloseInAction)
   at Microsoft.Data.SqlClient.SqlInternalConnection.OnError(SqlException exception, Boolean breakConnection, Action`1 wrapCloseInAction)
   at Microsoft.Data.SqlClient.TdsParser.ThrowExceptionAndWarning(TdsParserStateObject stateObj, SqlCommand command, Boolean callerHasConnectionLock, Boolean asyncClose)
   at Microsoft.Data.SqlClient.TdsParser.TryRun(RunBehavior runBehavior, SqlCommand cmdHandler, SqlDataReader dataStream, BulkCopySimpleResultSet bulkCopyHandler, TdsParserStateObject stateObj, Boolean& dataReady)
   at Microsoft.Data.SqlClient.SqlCommand.FinishExecuteReader(SqlDataReader ds, RunBehavior runBehavior, String resetOptionsString, Boolean isInternal, Boolean forDescribeParameterEncryption, Boolean shouldCacheForAlwaysEncrypted)
   at Microsoft.Data.SqlClient.SqlCommand.CompleteAsyncExecuteReader(Boolean isInternal, Boolean forDescribeParameterEncryption)
   at Microsoft.Data.SqlClient.SqlCommand.InternalEndExecuteNonQuery(IAsyncResult asyncResult, Boolean isInternal, String endMethod)
   at Microsoft.Data.SqlClient.SqlCommand.EndExecuteNonQueryInternal(IAsyncResult asyncResult)
   at Microsoft.Data.SqlClient.SqlCommand.EndExecuteNonQueryAsync(IAsyncResult asyncResult)
   at Microsoft.Data.SqlClient.SqlCommand.<>c.<InternalExecuteNonQueryAsync>b__193_1(IAsyncResult asyncResult)
   at System.Threading.Tasks.TaskFactory`1.FromAsyncCoreLogic(IAsyncResult iar, Func`2 endFunction, Action`1 endAction, Task`1 promise, Boolean requiresSynchronization)
--- End of stack trace from previous location ---
   at SqlSugar.AdoProvider.ExecuteCommandAsync(String sql, SugarParameter[] parameters)
   at SqlSugar.InsertableProvider`1.ExecuteCommandAsync()
   at Lean.Hbt.Infrastructure.Persistence.HbtDbSeed.InitializeTenantAsync() in G:\AppDevelop\VS2025\Lean.Hbt\backend\src\Lean.Hbt.Infrastructure\Persistence\HbtDbSeed.cs:line 111
   at Lean.Hbt.Infrastructure.Persistence.HbtDbSeed.InitializeAsync() in G:\AppDevelop\VS2025\Lean.Hbt\backend\src\Lean.Hbt.Infrastructure\Persistence\HbtDbSeed.cs:line 45
ClientConnectionId:bcef4106-fe9f-4a78-8dfa-9f0fa6d41e7f
Error Number:515,State:2,Class:16
2025-01-18 14:21:59.8204|Fatal|Program|应用程序启动失败Microsoft.Data.SqlClient.SqlException (0x80131904): 不能将值 NULL 插入列 'LicenseStartTime'，表 'LeanHbt_Dev.dbo.hbt_tenant'；列不允许有 Null 值。INSERT 失败。
语句已终止。
   at Microsoft.Data.SqlClient.SqlConnection.OnError(SqlException exception, Boolean breakConnection, Action`1 wrapCloseInAction)
   at Microsoft.Data.SqlClient.SqlInternalConnection.OnError(SqlException exception, Boolean breakConnection, Action`1 wrapCloseInAction)
   at Microsoft.Data.SqlClient.TdsParser.ThrowExceptionAndWarning(TdsParserStateObject stateObj, SqlCommand command, Boolean callerHasConnectionLock, Boolean asyncClose)
   at Microsoft.Data.SqlClient.TdsParser.TryRun(RunBehavior runBehavior, SqlCommand cmdHandler, SqlDataReader dataStream, BulkCopySimpleResultSet bulkCopyHandler, TdsParserStateObject stateObj, Boolean& dataReady)
   at Microsoft.Data.SqlClient.SqlCommand.FinishExecuteReader(SqlDataReader ds, RunBehavior runBehavior, String resetOptionsString, Boolean isInternal, Boolean forDescribeParameterEncryption, Boolean shouldCacheForAlwaysEncrypted)
   at Microsoft.Data.SqlClient.SqlCommand.CompleteAsyncExecuteReader(Boolean isInternal, Boolean forDescribeParameterEncryption)
   at Microsoft.Data.SqlClient.SqlCommand.InternalEndExecuteNonQuery(IAsyncResult asyncResult, Boolean isInternal, String endMethod)
   at Microsoft.Data.SqlClient.SqlCommand.EndExecuteNonQueryInternal(IAsyncResult asyncResult)
   at Microsoft.Data.SqlClient.SqlCommand.EndExecuteNonQueryAsync(IAsyncResult asyncResult)
   at Microsoft.Data.SqlClient.SqlCommand.<>c.<InternalExecuteNonQueryAsync>b__193_1(IAsyncResult asyncResult)
   at System.Threading.Tasks.TaskFactory`1.FromAsyncCoreLogic(IAsyncResult iar, Func`2 endFunction, Action`1 endAction, Task`1 promise, Boolean requiresSynchronization)
--- End of stack trace from previous location ---
   at SqlSugar.AdoProvider.ExecuteCommandAsync(String sql, SugarParameter[] parameters)
   at SqlSugar.InsertableProvider`1.ExecuteCommandAsync()
   at Lean.Hbt.Infrastructure.Persistence.HbtDbSeed.InitializeTenantAsync() in G:\AppDevelop\VS2025\Lean.Hbt\backend\src\Lean.Hbt.Infrastructure\Persistence\HbtDbSeed.cs:line 111
   at Lean.Hbt.Infrastructure.Persistence.HbtDbSeed.InitializeAsync() in G:\AppDevelop\VS2025\Lean.Hbt\backend\src\Lean.Hbt.Infrastructure\Persistence\HbtDbSeed.cs:line 45
   at Program.<Main>$(String[] args) in G:\AppDevelop\VS2025\Lean.Hbt\backend\src\Lean.Hbt.WebApi\Program.cs:line 41
ClientConnectionId:bcef4106-fe9f-4a78-8dfa-9f0fa6d41e7f
Error Number:515,State:2,Class:16
2025-01-18 14:24:54.3925| Info|Program|正在初始化应用程序...
2025-01-18 14:24:55.8546| Info|HbtNLogger|数据库检查/创建成功
2025-01-18 14:24:57.3342| Info|HbtNLogger|表 hbt_user 初始化成功
2025-01-18 14:24:58.3496| Info|HbtNLogger|表 hbt_role 初始化成功
2025-01-18 14:24:59.6066| Info|HbtNLogger|表 hbt_menu 初始化成功
2025-01-18 14:25:00.6589| Info|HbtNLogger|表 hbt_dept 初始化成功
2025-01-18 14:25:01.5546| Info|HbtNLogger|表 hbt_post 初始化成功
2025-01-18 14:25:02.3498| Info|HbtNLogger|表 hbt_user_role 初始化成功
2025-01-18 14:25:03.1431| Info|HbtNLogger|表 hbt_user_dept 初始化成功
2025-01-18 14:25:03.7159| Info|HbtNLogger|表 hbt_user_post 初始化成功
2025-01-18 14:25:04.2518| Info|HbtNLogger|表 hbt_role_menu 初始化成功
2025-01-18 14:25:05.0585| Info|HbtNLogger|表 hbt_role_dept 初始化成功
2025-01-18 14:25:06.3726| Info|HbtNLogger|表 hbt_tenant 初始化成功
2025-01-18 14:25:07.4463| Info|HbtNLogger|表 hbt_audit_log 初始化成功
2025-01-18 14:25:08.3834| Info|HbtNLogger|表 hbt_login_log 初始化成功
2025-01-18 14:25:09.9287| Info|HbtNLogger|表 hbt_exception_log 初始化成功
2025-01-18 14:25:09.9287| Info|HbtNLogger|数据库初始化完成
2025-01-18 14:25:09.9287| Info|HbtNLogger|[初始化] 开始初始化种子数据...
2025-01-18 14:25:10.1810| Info|HbtNLogger|[创建] 租户 '默认租户' 创建成功
2025-01-18 14:25:10.1956| Info|HbtNLogger|[初始化] 租户数据 - 新增: 1, 更新: 0
2025-01-18 14:25:10.2259| Info|HbtNLogger|[创建] 角色 '超级管理员' 创建成功
2025-01-18 14:25:10.2259| Info|HbtNLogger|[初始化] 角色数据 - 新增: 1, 更新: 0
2025-01-18 14:25:10.5286|Error|HbtNLogger|[初始化] 种子数据初始化失败Microsoft.Data.SqlClient.SqlException (0x80131904): 不能将值 NULL 插入列 'salt'，表 'LeanHbt_Dev.dbo.hbt_user'；列不允许有 Null 值。INSERT 失败。
语句已终止。
   at Microsoft.Data.SqlClient.SqlConnection.OnError(SqlException exception, Boolean breakConnection, Action`1 wrapCloseInAction)
   at Microsoft.Data.SqlClient.SqlInternalConnection.OnError(SqlException exception, Boolean breakConnection, Action`1 wrapCloseInAction)
   at Microsoft.Data.SqlClient.TdsParser.ThrowExceptionAndWarning(TdsParserStateObject stateObj, SqlCommand command, Boolean callerHasConnectionLock, Boolean asyncClose)
   at Microsoft.Data.SqlClient.TdsParser.TryRun(RunBehavior runBehavior, SqlCommand cmdHandler, SqlDataReader dataStream, BulkCopySimpleResultSet bulkCopyHandler, TdsParserStateObject stateObj, Boolean& dataReady)
   at Microsoft.Data.SqlClient.SqlCommand.FinishExecuteReader(SqlDataReader ds, RunBehavior runBehavior, String resetOptionsString, Boolean isInternal, Boolean forDescribeParameterEncryption, Boolean shouldCacheForAlwaysEncrypted)
   at Microsoft.Data.SqlClient.SqlCommand.CompleteAsyncExecuteReader(Boolean isInternal, Boolean forDescribeParameterEncryption)
   at Microsoft.Data.SqlClient.SqlCommand.InternalEndExecuteNonQuery(IAsyncResult asyncResult, Boolean isInternal, String endMethod)
   at Microsoft.Data.SqlClient.SqlCommand.EndExecuteNonQueryInternal(IAsyncResult asyncResult)
   at Microsoft.Data.SqlClient.SqlCommand.EndExecuteNonQueryAsync(IAsyncResult asyncResult)
   at Microsoft.Data.SqlClient.SqlCommand.<>c.<InternalExecuteNonQueryAsync>b__193_1(IAsyncResult asyncResult)
   at System.Threading.Tasks.TaskFactory`1.FromAsyncCoreLogic(IAsyncResult iar, Func`2 endFunction, Action`1 endAction, Task`1 promise, Boolean requiresSynchronization)
--- End of stack trace from previous location ---
   at SqlSugar.AdoProvider.ExecuteCommandAsync(String sql, SugarParameter[] parameters)
   at SqlSugar.InsertableProvider`1.ExecuteCommandAsync()
   at Lean.Hbt.Infrastructure.Persistence.HbtDbSeed.InitializeUserAsync() in G:\AppDevelop\VS2025\Lean.Hbt\backend\src\Lean.Hbt.Infrastructure\Persistence\HbtDbSeed.cs:line 213
   at Lean.Hbt.Infrastructure.Persistence.HbtDbSeed.InitializeAsync() in G:\AppDevelop\VS2025\Lean.Hbt\backend\src\Lean.Hbt.Infrastructure\Persistence\HbtDbSeed.cs:line 53
ClientConnectionId:fc260fc7-8289-439d-8ece-438d0d1829b2
Error Number:515,State:2,Class:16
2025-01-18 14:25:10.6687|Fatal|Program|应用程序启动失败Microsoft.Data.SqlClient.SqlException (0x80131904): 不能将值 NULL 插入列 'salt'，表 'LeanHbt_Dev.dbo.hbt_user'；列不允许有 Null 值。INSERT 失败。
语句已终止。
   at Microsoft.Data.SqlClient.SqlConnection.OnError(SqlException exception, Boolean breakConnection, Action`1 wrapCloseInAction)
   at Microsoft.Data.SqlClient.SqlInternalConnection.OnError(SqlException exception, Boolean breakConnection, Action`1 wrapCloseInAction)
   at Microsoft.Data.SqlClient.TdsParser.ThrowExceptionAndWarning(TdsParserStateObject stateObj, SqlCommand command, Boolean callerHasConnectionLock, Boolean asyncClose)
   at Microsoft.Data.SqlClient.TdsParser.TryRun(RunBehavior runBehavior, SqlCommand cmdHandler, SqlDataReader dataStream, BulkCopySimpleResultSet bulkCopyHandler, TdsParserStateObject stateObj, Boolean& dataReady)
   at Microsoft.Data.SqlClient.SqlCommand.FinishExecuteReader(SqlDataReader ds, RunBehavior runBehavior, String resetOptionsString, Boolean isInternal, Boolean forDescribeParameterEncryption, Boolean shouldCacheForAlwaysEncrypted)
   at Microsoft.Data.SqlClient.SqlCommand.CompleteAsyncExecuteReader(Boolean isInternal, Boolean forDescribeParameterEncryption)
   at Microsoft.Data.SqlClient.SqlCommand.InternalEndExecuteNonQuery(IAsyncResult asyncResult, Boolean isInternal, String endMethod)
   at Microsoft.Data.SqlClient.SqlCommand.EndExecuteNonQueryInternal(IAsyncResult asyncResult)
   at Microsoft.Data.SqlClient.SqlCommand.EndExecuteNonQueryAsync(IAsyncResult asyncResult)
   at Microsoft.Data.SqlClient.SqlCommand.<>c.<InternalExecuteNonQueryAsync>b__193_1(IAsyncResult asyncResult)
   at System.Threading.Tasks.TaskFactory`1.FromAsyncCoreLogic(IAsyncResult iar, Func`2 endFunction, Action`1 endAction, Task`1 promise, Boolean requiresSynchronization)
--- End of stack trace from previous location ---
   at SqlSugar.AdoProvider.ExecuteCommandAsync(String sql, SugarParameter[] parameters)
   at SqlSugar.InsertableProvider`1.ExecuteCommandAsync()
   at Lean.Hbt.Infrastructure.Persistence.HbtDbSeed.InitializeUserAsync() in G:\AppDevelop\VS2025\Lean.Hbt\backend\src\Lean.Hbt.Infrastructure\Persistence\HbtDbSeed.cs:line 213
   at Lean.Hbt.Infrastructure.Persistence.HbtDbSeed.InitializeAsync() in G:\AppDevelop\VS2025\Lean.Hbt\backend\src\Lean.Hbt.Infrastructure\Persistence\HbtDbSeed.cs:line 53
   at Program.<Main>$(String[] args) in G:\AppDevelop\VS2025\Lean.Hbt\backend\src\Lean.Hbt.WebApi\Program.cs:line 41
ClientConnectionId:fc260fc7-8289-439d-8ece-438d0d1829b2
Error Number:515,State:2,Class:16
2025-01-18 14:35:36.8201| Info|Program|正在初始化应用程序...
2025-01-18 14:35:40.5552| Info|HbtNLogger|数据库检查/创建成功
2025-01-18 14:35:42.1327| Info|HbtNLogger|表 hbt_user 初始化成功
2025-01-18 14:35:43.0701| Info|HbtNLogger|表 hbt_role 初始化成功
2025-01-18 14:35:44.2724| Info|HbtNLogger|表 hbt_menu 初始化成功
2025-01-18 14:35:45.3314| Info|HbtNLogger|表 hbt_dept 初始化成功
2025-01-18 14:35:46.2385| Info|HbtNLogger|表 hbt_post 初始化成功
2025-01-18 14:35:47.0575| Info|HbtNLogger|表 hbt_user_role 初始化成功
2025-01-18 14:35:47.8787| Info|HbtNLogger|表 hbt_user_dept 初始化成功
2025-01-18 14:35:48.6688| Info|HbtNLogger|表 hbt_user_post 初始化成功
2025-01-18 14:35:49.0789| Info|HbtNLogger|表 hbt_role_menu 初始化成功
2025-01-18 14:35:49.7343| Info|HbtNLogger|表 hbt_role_dept 初始化成功
2025-01-18 14:35:51.0555| Info|HbtNLogger|表 hbt_tenant 初始化成功
2025-01-18 14:35:52.1469| Info|HbtNLogger|表 hbt_audit_log 初始化成功
2025-01-18 14:35:53.0837| Info|HbtNLogger|表 hbt_login_log 初始化成功
2025-01-18 14:35:54.1646| Info|HbtNLogger|表 hbt_exception_log 初始化成功
2025-01-18 14:35:54.1646| Info|HbtNLogger|数据库初始化完成
2025-01-18 14:35:54.1646| Info|HbtNLogger|[初始化] 开始初始化种子数据...
2025-01-18 14:35:54.3728| Info|HbtNLogger|[更新] 租户 '默认租户' 更新成功
2025-01-18 14:35:54.3728| Info|HbtNLogger|[初始化] 租户数据 - 新增: 0, 更新: 1
2025-01-18 14:35:54.4368| Info|HbtNLogger|[更新] 角色 '超级管理员' 更新成功
2025-01-18 14:35:54.4368| Info|HbtNLogger|[初始化] 角色数据 - 新增: 0, 更新: 1
2025-01-18 14:35:54.5137| Info|HbtNLogger|[创建] 用户 'admin' 创建成功
2025-01-18 14:35:54.5137| Info|HbtNLogger|[初始化] 用户数据 - 新增: 1, 更新: 0
2025-01-18 14:35:54.5295| Info|HbtNLogger|[创建] 部门 '总公司' 创建成功
2025-01-18 14:35:54.5295| Info|HbtNLogger|[初始化] 部门数据 - 新增: 1, 更新: 0
2025-01-18 14:35:54.5465| Info|HbtNLogger|[创建] 岗位 '总经理' 创建成功
2025-01-18 14:35:54.5465| Info|HbtNLogger|[初始化] 岗位数据 - 新增: 1, 更新: 0
2025-01-18 14:35:54.5465| Info|HbtNLogger|[初始化] 种子数据初始化完成
2025-01-18 14:35:54.6467|Fatal|Program|应用程序启动失败System.InvalidOperationException: Unable to find the required services. Please add all the required services by calling 'IServiceCollection.AddAuthorization' in the application startup code.
   at Microsoft.AspNetCore.Builder.AuthorizationAppBuilderExtensions.VerifyServicesRegistered(IApplicationBuilder app)
   at Microsoft.AspNetCore.Builder.AuthorizationAppBuilderExtensions.UseAuthorization(IApplicationBuilder app)
   at Program.<Main>$(String[] args) in G:\AppDevelop\VS2025\Lean.Hbt\backend\src\Lean.Hbt.WebApi\Program.cs:line 55
2025-01-18 14:39:17.4565| Info|Program|正在初始化应用程序...
2025-01-18 14:39:19.4021| Info|HbtNLogger|数据库检查/创建成功
2025-01-18 14:39:20.8849| Info|HbtNLogger|表 hbt_user 初始化成功
2025-01-18 14:39:21.8201| Info|HbtNLogger|表 hbt_role 初始化成功
2025-01-18 14:39:23.0657| Info|HbtNLogger|表 hbt_menu 初始化成功
2025-01-18 14:39:24.0772| Info|HbtNLogger|表 hbt_dept 初始化成功
2025-01-18 14:39:24.9570| Info|HbtNLogger|表 hbt_post 初始化成功
2025-01-18 14:39:25.7728| Info|HbtNLogger|表 hbt_user_role 初始化成功
2025-01-18 14:39:26.5961| Info|HbtNLogger|表 hbt_user_dept 初始化成功
2025-01-18 14:39:27.4079| Info|HbtNLogger|表 hbt_user_post 初始化成功
2025-01-18 14:39:28.2661| Info|HbtNLogger|表 hbt_role_menu 初始化成功
2025-01-18 14:39:28.6226| Info|HbtNLogger|表 hbt_role_dept 初始化成功
2025-01-18 14:39:30.0540| Info|HbtNLogger|表 hbt_tenant 初始化成功
2025-01-18 14:39:31.2880| Info|HbtNLogger|表 hbt_audit_log 初始化成功
2025-01-18 14:39:32.2887| Info|HbtNLogger|表 hbt_login_log 初始化成功
2025-01-18 14:39:33.4042| Info|HbtNLogger|表 hbt_exception_log 初始化成功
2025-01-18 14:39:33.4042| Info|HbtNLogger|数据库初始化完成
2025-01-18 14:39:33.4042| Info|HbtNLogger|[初始化] 开始初始化种子数据...
2025-01-18 14:39:33.8473| Info|HbtNLogger|[更新] 租户 '默认租户' 更新成功
2025-01-18 14:39:33.8473| Info|HbtNLogger|[初始化] 租户数据 - 新增: 0, 更新: 1
2025-01-18 14:39:33.9499| Info|HbtNLogger|[更新] 角色 '超级管理员' 更新成功
2025-01-18 14:39:33.9499| Info|HbtNLogger|[初始化] 角色数据 - 新增: 0, 更新: 1
2025-01-18 14:39:34.0756| Info|HbtNLogger|[更新] 用户 'admin' 更新成功
2025-01-18 14:39:34.0756| Info|HbtNLogger|[初始化] 用户数据 - 新增: 0, 更新: 1
2025-01-18 14:39:34.0756| Info|HbtNLogger|[初始化] 部门数据 - 新增: 0, 更新: 0
2025-01-18 14:39:34.1167| Info|HbtNLogger|[初始化] 岗位数据 - 新增: 0, 更新: 0
2025-01-18 14:39:34.1167| Info|HbtNLogger|[初始化] 种子数据初始化完成
2025-01-18 14:39:34.2751|Fatal|Program|应用程序启动失败System.InvalidOperationException: Unable to find the required services. Please add all the required services by calling 'IServiceCollection.AddControllers' inside the call to 'ConfigureServices(...)' in the application startup code.
   at Microsoft.AspNetCore.Builder.ControllerEndpointRouteBuilderExtensions.EnsureControllerServices(IEndpointRouteBuilder endpoints)
   at Microsoft.AspNetCore.Builder.ControllerEndpointRouteBuilderExtensions.MapControllers(IEndpointRouteBuilder endpoints)
   at Program.<Main>$(String[] args) in G:\AppDevelop\VS2025\Lean.Hbt\backend\src\Lean.Hbt.WebApi\Program.cs:line 61
2025-01-18 14:41:54.3825| Info|Program|正在初始化应用程序...
2025-01-18 14:41:55.9904| Info|HbtNLogger|数据库检查/创建成功
2025-01-18 14:41:57.5081| Info|HbtNLogger|表 hbt_user 初始化成功
2025-01-18 14:41:58.4981| Info|HbtNLogger|表 hbt_role 初始化成功
2025-01-18 14:41:59.7776| Info|HbtNLogger|表 hbt_menu 初始化成功
2025-01-18 14:42:00.8662| Info|HbtNLogger|表 hbt_dept 初始化成功
2025-01-18 14:42:01.7631| Info|HbtNLogger|表 hbt_post 初始化成功
2025-01-18 14:42:02.5398| Info|HbtNLogger|表 hbt_user_role 初始化成功
2025-01-18 14:42:03.3259| Info|HbtNLogger|表 hbt_user_dept 初始化成功
2025-01-18 14:42:04.1009| Info|HbtNLogger|表 hbt_user_post 初始化成功
2025-01-18 14:42:04.8909| Info|HbtNLogger|表 hbt_role_menu 初始化成功
2025-01-18 14:42:05.6748| Info|HbtNLogger|表 hbt_role_dept 初始化成功
2025-01-18 14:42:06.6470| Info|HbtNLogger|表 hbt_tenant 初始化成功
2025-01-18 14:42:07.7605| Info|HbtNLogger|表 hbt_audit_log 初始化成功
2025-01-18 14:42:08.7089| Info|HbtNLogger|表 hbt_login_log 初始化成功
2025-01-18 14:42:09.7832| Info|HbtNLogger|表 hbt_exception_log 初始化成功
2025-01-18 14:42:09.7832| Info|HbtNLogger|数据库初始化完成
2025-01-18 14:42:09.7832| Info|HbtNLogger|[初始化] 开始初始化种子数据...
2025-01-18 14:42:09.9679| Info|HbtNLogger|[更新] 租户 '默认租户' 更新成功
2025-01-18 14:42:09.9679| Info|HbtNLogger|[初始化] 租户数据 - 新增: 0, 更新: 1
2025-01-18 14:42:09.9980| Info|HbtNLogger|[更新] 角色 '超级管理员' 更新成功
2025-01-18 14:42:10.0124| Info|HbtNLogger|[初始化] 角色数据 - 新增: 0, 更新: 1
2025-01-18 14:42:10.0682| Info|HbtNLogger|[更新] 用户 'admin' 更新成功
2025-01-18 14:42:10.0682| Info|HbtNLogger|[初始化] 用户数据 - 新增: 0, 更新: 1
2025-01-18 14:42:10.0682| Info|HbtNLogger|[初始化] 部门数据 - 新增: 0, 更新: 0
2025-01-18 14:42:10.0764| Info|HbtNLogger|[初始化] 岗位数据 - 新增: 0, 更新: 0
2025-01-18 14:42:10.0764| Info|HbtNLogger|[初始化] 种子数据初始化完成
2025-01-18 14:42:10.2638| Info|Program|应用程序启动成功
2025-01-18 14:42:10.2796| Info|XmlKeyManager|User profile is available. Using 'C:\Users\Davis.Cheng\AppData\Local\ASP.NET\DataProtection-Keys' as key repository and Windows DPAPI to encrypt keys at rest.
2025-01-18 14:42:10.6263| Info|Lifetime|Now listening on: https://localhost:7229
2025-01-18 14:42:10.6263| Info|Lifetime|Now listening on: http://localhost:5249
2025-01-18 14:42:10.6865| Info|Lifetime|Application started. Press Ctrl+C to shut down.
2025-01-18 14:42:10.6865| Info|Lifetime|Hosting environment: Development
2025-01-18 14:42:10.6865| Info|Lifetime|Content root path: G:\AppDevelop\VS2025\Lean.Hbt\backend\src\Lean.Hbt.WebApi
2025-01-18 14:42:15.4933| Info|Diagnostics|Request starting HTTP/2 GET https://localhost:7229/swagger - - -
2025-01-18 14:42:15.8235|Error|DeveloperExceptionPageMiddleware|An unhandled exception has occurred while executing the request.System.InvalidOperationException: Unable to resolve service for type 'Swashbuckle.AspNetCore.Swagger.ISwaggerProvider' while attempting to Invoke middleware 'Swashbuckle.AspNetCore.Swagger.SwaggerMiddleware'.
   at lambda_method23(Closure, Object, HttpContext, IServiceProvider)
   at Microsoft.AspNetCore.Diagnostics.DeveloperExceptionPageMiddlewareImpl.Invoke(HttpContext context)
2025-01-18 14:42:15.9966| Info|Diagnostics|Request finished HTTP/2 GET https://localhost:7229/swagger - 500 - text/html;+charset=utf-8 517.0027ms
2025-01-18 14:42:16.0424| Info|Diagnostics|Request starting HTTP/2 GET https://localhost:7229/_vs/browserLink - - -
2025-01-18 14:42:16.0424| Info|Diagnostics|Request starting HTTP/2 GET https://localhost:7229/_framework/aspnetcore-browser-refresh.js - - -
2025-01-18 14:42:16.0424| Info|Diagnostics|Request finished HTTP/2 GET https://localhost:7229/_framework/aspnetcore-browser-refresh.js - 200 13766 application/javascript;+charset=utf-8 6.5722ms
2025-01-18 14:42:16.2460| Info|Diagnostics|Request finished HTTP/2 GET https://localhost:7229/_vs/browserLink - 200 - text/javascript;+charset=UTF-8 205.0994ms
2025-01-18 14:42:16.2782| Info|Diagnostics|Request starting HTTP/2 GET https://localhost:7229/favicon.ico - - -
2025-01-18 14:42:16.3329|Error|DeveloperExceptionPageMiddleware|An unhandled exception has occurred while executing the request.System.InvalidOperationException: Unable to resolve service for type 'Swashbuckle.AspNetCore.Swagger.ISwaggerProvider' while attempting to Invoke middleware 'Swashbuckle.AspNetCore.Swagger.SwaggerMiddleware'.
   at lambda_method23(Closure, Object, HttpContext, IServiceProvider)
   at Microsoft.AspNetCore.Diagnostics.DeveloperExceptionPageMiddlewareImpl.Invoke(HttpContext context)
2025-01-18 14:42:16.3329| Info|Diagnostics|Request finished HTTP/2 GET https://localhost:7229/favicon.ico - 500 - text/plain;+charset=utf-8 59.8036ms
2025-01-18 15:15:40.3986| Info|Program|正在初始化应用程序...
2025-01-18 15:15:45.5176| Info|HbtNLogger|数据库检查/创建成功
2025-01-18 15:15:47.3158| Info|HbtNLogger|表 hbt_user 初始化成功
2025-01-18 15:15:48.2039| Info|HbtNLogger|表 hbt_role 初始化成功
2025-01-18 15:15:49.3813| Info|HbtNLogger|表 hbt_menu 初始化成功
2025-01-18 15:15:50.3293| Info|HbtNLogger|表 hbt_dept 初始化成功
2025-01-18 15:15:51.1543| Info|HbtNLogger|表 hbt_post 初始化成功
2025-01-18 15:15:51.9064| Info|HbtNLogger|表 hbt_user_role 初始化成功
2025-01-18 15:15:52.6363| Info|HbtNLogger|表 hbt_user_dept 初始化成功
2025-01-18 15:15:53.3733| Info|HbtNLogger|表 hbt_user_post 初始化成功
2025-01-18 15:15:54.1133| Info|HbtNLogger|表 hbt_role_menu 初始化成功
2025-01-18 15:15:54.8489| Info|HbtNLogger|表 hbt_role_dept 初始化成功
2025-01-18 15:15:55.7247| Info|HbtNLogger|表 hbt_tenant 初始化成功
2025-01-18 15:15:56.7815| Info|HbtNLogger|表 hbt_audit_log 初始化成功
2025-01-18 15:15:57.6616| Info|HbtNLogger|表 hbt_login_log 初始化成功
2025-01-18 15:15:58.6673| Info|HbtNLogger|表 hbt_exception_log 初始化成功
2025-01-18 15:15:58.6673| Info|HbtNLogger|数据库初始化完成
2025-01-18 15:15:58.6673| Info|HbtNLogger|[初始化] 开始初始化种子数据...
2025-01-18 15:15:58.9901| Info|HbtNLogger|[更新] 租户 '默认租户' 更新成功
2025-01-18 15:15:58.9901| Info|HbtNLogger|[初始化] 租户数据 - 新增: 0, 更新: 1
2025-01-18 15:15:59.0438| Info|HbtNLogger|[更新] 角色 '超级管理员' 更新成功
2025-01-18 15:15:59.0438| Info|HbtNLogger|[初始化] 角色数据 - 新增: 0, 更新: 1
2025-01-18 15:15:59.0932| Info|HbtNLogger|[更新] 用户 'admin' 更新成功
2025-01-18 15:15:59.0932| Info|HbtNLogger|[初始化] 用户数据 - 新增: 0, 更新: 1
2025-01-18 15:15:59.1061| Info|HbtNLogger|[初始化] 部门数据 - 新增: 0, 更新: 0
2025-01-18 15:15:59.1061| Info|HbtNLogger|[初始化] 岗位数据 - 新增: 0, 更新: 0
2025-01-18 15:15:59.1061| Info|HbtNLogger|[初始化] 种子数据初始化完成
2025-01-18 15:15:59.2968| Info|Program|应用程序启动成功
2025-01-18 15:15:59.3098| Info|XmlKeyManager|User profile is available. Using 'C:\Users\Davis.Cheng\AppData\Local\ASP.NET\DataProtection-Keys' as key repository and Windows DPAPI to encrypt keys at rest.
2025-01-18 15:15:59.6319| Info|Lifetime|Now listening on: https://localhost:7229
2025-01-18 15:15:59.6319| Info|Lifetime|Now listening on: http://localhost:5249
2025-01-18 15:15:59.6841| Info|Lifetime|Application started. Press Ctrl+C to shut down.
2025-01-18 15:15:59.6841| Info|Lifetime|Hosting environment: Development
2025-01-18 15:15:59.6841| Info|Lifetime|Content root path: G:\AppDevelop\VS2025\Lean.Hbt\backend\src\Lean.Hbt.WebApi
2025-01-18 15:16:00.0837| Info|Diagnostics|Request starting HTTP/2 GET https://localhost:7229/swagger - - -
2025-01-18 15:16:00.2549|Error|DeveloperExceptionPageMiddleware|An unhandled exception has occurred while executing the request.System.InvalidOperationException: Unable to resolve service for type 'Swashbuckle.AspNetCore.Swagger.ISwaggerProvider' while attempting to Invoke middleware 'Swashbuckle.AspNetCore.Swagger.SwaggerMiddleware'.
   at lambda_method23(Closure, Object, HttpContext, IServiceProvider)
   at Microsoft.AspNetCore.Diagnostics.DeveloperExceptionPageMiddlewareImpl.Invoke(HttpContext context)
2025-01-18 15:16:00.3563| Info|Diagnostics|Request finished HTTP/2 GET https://localhost:7229/swagger - 500 - text/html;+charset=utf-8 280.1252ms
2025-01-18 15:16:00.3563| Info|Diagnostics|Request starting HTTP/2 GET https://localhost:7229/_vs/browserLink - - -
2025-01-18 15:16:00.3705| Info|Diagnostics|Request starting HTTP/2 GET https://localhost:7229/_framework/aspnetcore-browser-refresh.js - - -
2025-01-18 15:16:00.3705| Info|Diagnostics|Request finished HTTP/2 GET https://localhost:7229/_framework/aspnetcore-browser-refresh.js - 200 13766 application/javascript;+charset=utf-8 9.3904ms
2025-01-18 15:16:00.4024| Info|Diagnostics|Request finished HTTP/2 GET https://localhost:7229/_vs/browserLink - 200 - text/javascript;+charset=UTF-8 40.5026ms
2025-01-18 15:16:00.4643| Info|Diagnostics|Request starting HTTP/2 GET https://localhost:7229/favicon.ico - - -
2025-01-18 15:16:00.4922|Error|DeveloperExceptionPageMiddleware|An unhandled exception has occurred while executing the request.System.InvalidOperationException: Unable to resolve service for type 'Swashbuckle.AspNetCore.Swagger.ISwaggerProvider' while attempting to Invoke middleware 'Swashbuckle.AspNetCore.Swagger.SwaggerMiddleware'.
   at lambda_method23(Closure, Object, HttpContext, IServiceProvider)
   at Microsoft.AspNetCore.Diagnostics.DeveloperExceptionPageMiddlewareImpl.Invoke(HttpContext context)
2025-01-18 15:16:00.4922| Info|Diagnostics|Request finished HTTP/2 GET https://localhost:7229/favicon.ico - 500 - text/plain;+charset=utf-8 30.9521ms
