2025-01-21 08:43:14.8434|Error|HbtNLogger|数据库初始化失败Microsoft.Data.SqlClient.SqlException (0x80131904): 对象名 'hbt_db_diff_log' 无效。
   at Microsoft.Data.SqlClient.SqlConnection.OnError(SqlException exception, Boolean breakConnection, Action`1 wrapCloseInAction)
   at Microsoft.Data.SqlClient.SqlInternalConnection.OnError(SqlException exception, Boolean breakConnection, Action`1 wrapCloseInAction)
   at Microsoft.Data.SqlClient.TdsParser.ThrowExceptionAndWarning(TdsParserStateObject stateObj, SqlCommand command, Boolean callerHasConnectionLock, Boolean asyncClose)
   at Microsoft.Data.SqlClient.TdsParser.TryRun(RunBehavior runBehavior, SqlCommand cmdHandler, SqlDataReader dataStream, BulkCopySimpleResultSet bulkCopyHandler, TdsParserStateObject stateObj, Boolean& dataReady)
   at Microsoft.Data.SqlClient.SqlCommand.FinishExecuteReader(SqlDataReader ds, RunBehavior runBehavior, String resetOptionsString, Boolean isInternal, Boolean forDescribeParameterEncryption, Boolean shouldCacheForAlwaysEncrypted)
   at Microsoft.Data.SqlClient.SqlCommand.CompleteAsyncExecuteReader(Boolean isInternal, Boolean forDescribeParameterEncryption)
   at Microsoft.Data.SqlClient.SqlCommand.InternalEndExecuteNonQuery(IAsyncResult asyncResult, Boolean isInternal, String endMethod)
   at Microsoft.Data.SqlClient.SqlCommand.EndExecuteNonQueryInternal(IAsyncResult asyncResult)
   at Microsoft.Data.SqlClient.SqlCommand.EndExecuteNonQueryAsync(IAsyncResult asyncResult)
   at Microsoft.Data.SqlClient.SqlCommand.<>c.<InternalExecuteNonQueryAsync>b__193_1(IAsyncResult asyncResult)
   at System.Threading.Tasks.TaskFactory`1.FromAsyncCoreLogic(IAsyncResult iar, Func`2 endFunction, Action`1 endAction, Task`1 promise, Boolean requiresSynchronization)
--- End of stack trace from previous location ---
   at SqlSugar.AdoProvider.ExecuteCommandAsync(String sql, SugarParameter[] parameters)
   at SqlSugar.InsertableProvider`1.ExecuteCommandAsync()
   at Lean.Hbt.Infrastructure.Data.Contexts.HbtDbContext.InitializeAsync() in G:\AppDevelop\VS2025\Lean.Hbt\backend\src\Lean.Hbt.Infrastructure\Data\Contexts\HbtDbContext.cs:line 253
ClientConnectionId:f47e0c22-9a83-4b73-89f5-ec5e3148d5bf
Error Number:208,State:1,Class:16
2025-01-21 08:43:14.9171|Fatal|Program|应用程序启动失败Microsoft.Data.SqlClient.SqlException (0x80131904): 对象名 'hbt_db_diff_log' 无效。
   at Microsoft.Data.SqlClient.SqlConnection.OnError(SqlException exception, Boolean breakConnection, Action`1 wrapCloseInAction)
   at Microsoft.Data.SqlClient.SqlInternalConnection.OnError(SqlException exception, Boolean breakConnection, Action`1 wrapCloseInAction)
   at Microsoft.Data.SqlClient.TdsParser.ThrowExceptionAndWarning(TdsParserStateObject stateObj, SqlCommand command, Boolean callerHasConnectionLock, Boolean asyncClose)
   at Microsoft.Data.SqlClient.TdsParser.TryRun(RunBehavior runBehavior, SqlCommand cmdHandler, SqlDataReader dataStream, BulkCopySimpleResultSet bulkCopyHandler, TdsParserStateObject stateObj, Boolean& dataReady)
   at Microsoft.Data.SqlClient.SqlCommand.FinishExecuteReader(SqlDataReader ds, RunBehavior runBehavior, String resetOptionsString, Boolean isInternal, Boolean forDescribeParameterEncryption, Boolean shouldCacheForAlwaysEncrypted)
   at Microsoft.Data.SqlClient.SqlCommand.CompleteAsyncExecuteReader(Boolean isInternal, Boolean forDescribeParameterEncryption)
   at Microsoft.Data.SqlClient.SqlCommand.InternalEndExecuteNonQuery(IAsyncResult asyncResult, Boolean isInternal, String endMethod)
   at Microsoft.Data.SqlClient.SqlCommand.EndExecuteNonQueryInternal(IAsyncResult asyncResult)
   at Microsoft.Data.SqlClient.SqlCommand.EndExecuteNonQueryAsync(IAsyncResult asyncResult)
   at Microsoft.Data.SqlClient.SqlCommand.<>c.<InternalExecuteNonQueryAsync>b__193_1(IAsyncResult asyncResult)
   at System.Threading.Tasks.TaskFactory`1.FromAsyncCoreLogic(IAsyncResult iar, Func`2 endFunction, Action`1 endAction, Task`1 promise, Boolean requiresSynchronization)
--- End of stack trace from previous location ---
   at SqlSugar.AdoProvider.ExecuteCommandAsync(String sql, SugarParameter[] parameters)
   at SqlSugar.InsertableProvider`1.ExecuteCommandAsync()
   at Lean.Hbt.Infrastructure.Data.Contexts.HbtDbContext.InitializeAsync() in G:\AppDevelop\VS2025\Lean.Hbt\backend\src\Lean.Hbt.Infrastructure\Data\Contexts\HbtDbContext.cs:line 253
   at Program.<Main>$(String[] args) in G:\AppDevelop\VS2025\Lean.Hbt\backend\src\Lean.Hbt.WebApi\Program.cs:line 48
ClientConnectionId:f47e0c22-9a83-4b73-89f5-ec5e3148d5bf
Error Number:208,State:1,Class:16
2025-01-21 08:57:34.7838|Error|HbtNLogger|记录数据变更日志失败System.InvalidOperationException: 无效操作。连接被关闭。
   at Microsoft.Data.SqlClient.SqlConnection.GetOpenTdsConnection()
   at Microsoft.Data.SqlClient.SqlConnection.get_Parser()
   at Microsoft.Data.SqlClient.SqlCommand.BeginExecuteNonQueryInternalReadStage(TaskCompletionSource`1 completion)
   at Microsoft.Data.SqlClient.SqlCommand.BeginExecuteNonQueryInternal(CommandBehavior behavior, AsyncCallback callback, Object stateObject, Int32 timeout, Boolean inRetry, Boolean asyncWrite)
   at System.Threading.Tasks.TaskFactory`1.FromAsyncImpl(Func`3 beginMethod, Func`2 endFunction, Action`1 endAction, Object state, TaskCreationOptions creationOptions)
   at Microsoft.Data.SqlClient.SqlCommand.InternalExecuteNonQueryAsync(CancellationToken cancellationToken)
--- End of stack trace from previous location ---
   at SqlSugar.AdoProvider.ExecuteCommandAsync(String sql, SugarParameter[] parameters)
   at SqlSugar.InsertableProvider`1.ExecuteCommandAsync()
   at Lean.Hbt.Infrastructure.Data.Contexts.HbtDbContext.<>c__DisplayClass2_0.<<-ctor>b__3>d.MoveNext() in G:\AppDevelop\VS2025\Lean.Hbt\backend\src\Lean.Hbt.Infrastructure\Data\Contexts\HbtDbContext.cs:line 82
2025-01-21 08:57:35.3589|Error|HbtNLogger|记录数据变更日志失败System.InvalidOperationException: 无效操作。连接被关闭。
   at Microsoft.Data.SqlClient.SqlConnection.GetOpenTdsConnection()
   at Microsoft.Data.SqlClient.SqlConnection.get_Parser()
   at Microsoft.Data.SqlClient.SqlCommand.BeginExecuteNonQueryInternalReadStage(TaskCompletionSource`1 completion)
   at Microsoft.Data.SqlClient.SqlCommand.BeginExecuteNonQueryInternal(CommandBehavior behavior, AsyncCallback callback, Object stateObject, Int32 timeout, Boolean inRetry, Boolean asyncWrite)
   at System.Threading.Tasks.TaskFactory`1.FromAsyncImpl(Func`3 beginMethod, Func`2 endFunction, Action`1 endAction, Object state, TaskCreationOptions creationOptions)
   at Microsoft.Data.SqlClient.SqlCommand.InternalExecuteNonQueryAsync(CancellationToken cancellationToken)
--- End of stack trace from previous location ---
   at SqlSugar.AdoProvider.ExecuteCommandAsync(String sql, SugarParameter[] parameters)
   at SqlSugar.InsertableProvider`1.ExecuteCommandAsync()
   at Lean.Hbt.Infrastructure.Data.Contexts.HbtDbContext.<>c__DisplayClass2_0.<<-ctor>b__3>d.MoveNext() in G:\AppDevelop\VS2025\Lean.Hbt\backend\src\Lean.Hbt.Infrastructure\Data\Contexts\HbtDbContext.cs:line 82
2025-01-21 08:57:35.6939|Error|HbtNLogger|记录数据变更日志失败System.InvalidOperationException: 无效操作。连接被关闭。
   at Microsoft.Data.SqlClient.SqlConnection.GetOpenTdsConnection()
   at Microsoft.Data.SqlClient.SqlConnection.get_Parser()
   at Microsoft.Data.SqlClient.SqlCommand.BeginExecuteNonQueryInternalReadStage(TaskCompletionSource`1 completion)
   at Microsoft.Data.SqlClient.SqlCommand.BeginExecuteNonQueryInternal(CommandBehavior behavior, AsyncCallback callback, Object stateObject, Int32 timeout, Boolean inRetry, Boolean asyncWrite)
   at System.Threading.Tasks.TaskFactory`1.FromAsyncImpl(Func`3 beginMethod, Func`2 endFunction, Action`1 endAction, Object state, TaskCreationOptions creationOptions)
   at Microsoft.Data.SqlClient.SqlCommand.InternalExecuteNonQueryAsync(CancellationToken cancellationToken)
--- End of stack trace from previous location ---
   at SqlSugar.AdoProvider.ExecuteCommandAsync(String sql, SugarParameter[] parameters)
   at SqlSugar.InsertableProvider`1.ExecuteCommandAsync()
   at Lean.Hbt.Infrastructure.Data.Contexts.HbtDbContext.<>c__DisplayClass2_0.<<-ctor>b__3>d.MoveNext() in G:\AppDevelop\VS2025\Lean.Hbt\backend\src\Lean.Hbt.Infrastructure\Data\Contexts\HbtDbContext.cs:line 82
2025-01-21 08:57:35.8785|Error|HbtNLogger|[初始化] 种子数据初始化失败System.InvalidOperationException: 无效操作。连接被关闭。
   at Microsoft.Data.SqlClient.SqlCommand.<>c.<ExecuteDbDataReaderAsync>b__195_0(Task`1 result)
   at System.Threading.Tasks.ContinuationResultTaskFromResultTask`2.InnerInvoke()
   at System.Threading.ExecutionContext.RunInternal(ExecutionContext executionContext, ContextCallback callback, Object state)
--- End of stack trace from previous location ---
   at System.Threading.ExecutionContext.RunInternal(ExecutionContext executionContext, ContextCallback callback, Object state)
   at System.Threading.Tasks.Task.ExecuteWithThreadLocal(Task& currentTaskSlot, Thread threadPoolThread)
--- End of stack trace from previous location ---
   at SqlSugar.AdoProvider.GetDataReaderAsync(String sql, SugarParameter[] parameters)
   at SqlSugar.QueryableProvider`1.GetDataAsync[TResult](KeyValuePair`2 sqlObj)
   at SqlSugar.QueryableProvider`1._ToListAsync[TResult]()
   at SqlSugar.QueryableProvider`1.AnyAsync()
   at Lean.Hbt.Infrastructure.Data.Seeds.HbtDbSeed.InitializeDeptAsync() in G:\AppDevelop\VS2025\Lean.Hbt\backend\src\Lean.Hbt.Infrastructure\Data\Seeds\HbtDbSeed.cs:line 251
   at Lean.Hbt.Infrastructure.Data.Seeds.HbtDbSeed.InitializeAsync() in G:\AppDevelop\VS2025\Lean.Hbt\backend\src\Lean.Hbt.Infrastructure\Data\Seeds\HbtDbSeed.cs:line 59
2025-01-21 08:57:35.9629|Fatal|Program|应用程序启动失败System.InvalidOperationException: 无效操作。连接被关闭。
   at Microsoft.Data.SqlClient.SqlCommand.<>c.<ExecuteDbDataReaderAsync>b__195_0(Task`1 result)
   at System.Threading.Tasks.ContinuationResultTaskFromResultTask`2.InnerInvoke()
   at System.Threading.ExecutionContext.RunInternal(ExecutionContext executionContext, ContextCallback callback, Object state)
--- End of stack trace from previous location ---
   at System.Threading.ExecutionContext.RunInternal(ExecutionContext executionContext, ContextCallback callback, Object state)
   at System.Threading.Tasks.Task.ExecuteWithThreadLocal(Task& currentTaskSlot, Thread threadPoolThread)
--- End of stack trace from previous location ---
   at SqlSugar.AdoProvider.GetDataReaderAsync(String sql, SugarParameter[] parameters)
   at SqlSugar.QueryableProvider`1.GetDataAsync[TResult](KeyValuePair`2 sqlObj)
   at SqlSugar.QueryableProvider`1._ToListAsync[TResult]()
   at SqlSugar.QueryableProvider`1.AnyAsync()
   at Lean.Hbt.Infrastructure.Data.Seeds.HbtDbSeed.InitializeDeptAsync() in G:\AppDevelop\VS2025\Lean.Hbt\backend\src\Lean.Hbt.Infrastructure\Data\Seeds\HbtDbSeed.cs:line 251
   at Lean.Hbt.Infrastructure.Data.Seeds.HbtDbSeed.InitializeAsync() in G:\AppDevelop\VS2025\Lean.Hbt\backend\src\Lean.Hbt.Infrastructure\Data\Seeds\HbtDbSeed.cs:line 59
   at Program.<Main>$(String[] args) in G:\AppDevelop\VS2025\Lean.Hbt\backend\src\Lean.Hbt.WebApi\Program.cs:line 52
2025-01-21 09:44:03.9908|Error|HbtNLogger|记录数据变更日志失败System.InvalidOperationException: 无效操作。连接被关闭。
   at Microsoft.Data.SqlClient.SqlConnection.GetOpenTdsConnection()
   at Microsoft.Data.SqlClient.SqlConnection.get_Parser()
   at Microsoft.Data.SqlClient.SqlCommand.BeginExecuteNonQueryInternalReadStage(TaskCompletionSource`1 completion)
   at Microsoft.Data.SqlClient.SqlCommand.BeginExecuteNonQueryInternal(CommandBehavior behavior, AsyncCallback callback, Object stateObject, Int32 timeout, Boolean inRetry, Boolean asyncWrite)
   at System.Threading.Tasks.TaskFactory`1.FromAsyncImpl(Func`3 beginMethod, Func`2 endFunction, Action`1 endAction, Object state, TaskCreationOptions creationOptions)
   at Microsoft.Data.SqlClient.SqlCommand.InternalExecuteNonQueryAsync(CancellationToken cancellationToken)
--- End of stack trace from previous location ---
   at SqlSugar.AdoProvider.ExecuteCommandAsync(String sql, SugarParameter[] parameters)
   at SqlSugar.InsertableProvider`1.ExecuteCommandAsync()
   at Lean.Hbt.Infrastructure.Data.Contexts.HbtDbContext.<>c__DisplayClass2_0.<<-ctor>b__3>d.MoveNext() in G:\AppDevelop\VS2025\Lean.Hbt\backend\src\Lean.Hbt.Infrastructure\Data\Contexts\HbtDbContext.cs:line 92
2025-01-21 09:44:06.8368|Error|HbtNLogger|记录数据变更日志失败System.InvalidOperationException: 无效操作。连接被关闭。
   at Microsoft.Data.SqlClient.SqlConnection.GetOpenTdsConnection()
   at Microsoft.Data.SqlClient.SqlConnection.get_Parser()
   at Microsoft.Data.SqlClient.SqlCommand.BeginExecuteNonQueryInternalReadStage(TaskCompletionSource`1 completion)
   at Microsoft.Data.SqlClient.SqlCommand.BeginExecuteNonQueryInternal(CommandBehavior behavior, AsyncCallback callback, Object stateObject, Int32 timeout, Boolean inRetry, Boolean asyncWrite)
   at System.Threading.Tasks.TaskFactory`1.FromAsyncImpl(Func`3 beginMethod, Func`2 endFunction, Action`1 endAction, Object state, TaskCreationOptions creationOptions)
   at Microsoft.Data.SqlClient.SqlCommand.InternalExecuteNonQueryAsync(CancellationToken cancellationToken)
--- End of stack trace from previous location ---
   at SqlSugar.AdoProvider.ExecuteCommandAsync(String sql, SugarParameter[] parameters)
   at SqlSugar.InsertableProvider`1.ExecuteCommandAsync()
   at Lean.Hbt.Infrastructure.Data.Contexts.HbtDbContext.<>c__DisplayClass2_0.<<-ctor>b__3>d.MoveNext() in G:\AppDevelop\VS2025\Lean.Hbt\backend\src\Lean.Hbt.Infrastructure\Data\Contexts\HbtDbContext.cs:line 92
2025-01-21 09:44:07.0675|Error|HbtNLogger|记录数据变更日志失败System.InvalidOperationException: 无效操作。连接被关闭。
   at Microsoft.Data.SqlClient.SqlConnection.GetOpenTdsConnection()
   at Microsoft.Data.SqlClient.SqlConnection.get_Parser()
   at Microsoft.Data.SqlClient.SqlCommand.BeginExecuteNonQueryInternalReadStage(TaskCompletionSource`1 completion)
   at Microsoft.Data.SqlClient.SqlCommand.BeginExecuteNonQueryInternal(CommandBehavior behavior, AsyncCallback callback, Object stateObject, Int32 timeout, Boolean inRetry, Boolean asyncWrite)
   at System.Threading.Tasks.TaskFactory`1.FromAsyncImpl(Func`3 beginMethod, Func`2 endFunction, Action`1 endAction, Object state, TaskCreationOptions creationOptions)
   at Microsoft.Data.SqlClient.SqlCommand.InternalExecuteNonQueryAsync(CancellationToken cancellationToken)
--- End of stack trace from previous location ---
   at SqlSugar.AdoProvider.ExecuteCommandAsync(String sql, SugarParameter[] parameters)
   at SqlSugar.InsertableProvider`1.ExecuteCommandAsync()
   at Lean.Hbt.Infrastructure.Data.Contexts.HbtDbContext.<>c__DisplayClass2_0.<<-ctor>b__3>d.MoveNext() in G:\AppDevelop\VS2025\Lean.Hbt\backend\src\Lean.Hbt.Infrastructure\Data\Contexts\HbtDbContext.cs:line 92
2025-01-21 09:45:01.8344|Error|HbtNLogger|记录数据变更日志失败System.InvalidOperationException: 无效操作。连接被关闭。
   at Microsoft.Data.SqlClient.SqlConnection.GetOpenTdsConnection()
   at Microsoft.Data.SqlClient.SqlConnection.get_Parser()
   at Microsoft.Data.SqlClient.SqlCommand.BeginExecuteNonQueryInternalReadStage(TaskCompletionSource`1 completion)
   at Microsoft.Data.SqlClient.SqlCommand.BeginExecuteNonQueryInternal(CommandBehavior behavior, AsyncCallback callback, Object stateObject, Int32 timeout, Boolean inRetry, Boolean asyncWrite)
   at System.Threading.Tasks.TaskFactory`1.FromAsyncImpl(Func`3 beginMethod, Func`2 endFunction, Action`1 endAction, Object state, TaskCreationOptions creationOptions)
   at Microsoft.Data.SqlClient.SqlCommand.InternalExecuteNonQueryAsync(CancellationToken cancellationToken)
--- End of stack trace from previous location ---
   at SqlSugar.AdoProvider.ExecuteCommandAsync(String sql, SugarParameter[] parameters)
   at SqlSugar.InsertableProvider`1.ExecuteCommandAsync()
   at Lean.Hbt.Infrastructure.Data.Contexts.HbtDbContext.<>c__DisplayClass2_0.<<-ctor>b__3>d.MoveNext() in G:\AppDevelop\VS2025\Lean.Hbt\backend\src\Lean.Hbt.Infrastructure\Data\Contexts\HbtDbContext.cs:line 92
2025-01-21 09:45:02.4087|Error|HbtNLogger|记录数据变更日志失败System.InvalidOperationException: 无效操作。连接被关闭。
   at Microsoft.Data.SqlClient.SqlConnection.GetOpenTdsConnection()
   at Microsoft.Data.SqlClient.SqlConnection.get_Parser()
   at Microsoft.Data.SqlClient.SqlCommand.BeginExecuteNonQueryInternalReadStage(TaskCompletionSource`1 completion)
   at Microsoft.Data.SqlClient.SqlCommand.BeginExecuteNonQueryInternal(CommandBehavior behavior, AsyncCallback callback, Object stateObject, Int32 timeout, Boolean inRetry, Boolean asyncWrite)
   at System.Threading.Tasks.TaskFactory`1.FromAsyncImpl(Func`3 beginMethod, Func`2 endFunction, Action`1 endAction, Object state, TaskCreationOptions creationOptions)
   at Microsoft.Data.SqlClient.SqlCommand.InternalExecuteNonQueryAsync(CancellationToken cancellationToken)
--- End of stack trace from previous location ---
   at SqlSugar.AdoProvider.ExecuteCommandAsync(String sql, SugarParameter[] parameters)
   at SqlSugar.InsertableProvider`1.ExecuteCommandAsync()
   at Lean.Hbt.Infrastructure.Data.Contexts.HbtDbContext.<>c__DisplayClass2_0.<<-ctor>b__3>d.MoveNext() in G:\AppDevelop\VS2025\Lean.Hbt\backend\src\Lean.Hbt.Infrastructure\Data\Contexts\HbtDbContext.cs:line 92
2025-01-21 09:45:02.7096|Error|HbtNLogger|记录数据变更日志失败System.InvalidOperationException: 无效操作。连接被关闭。
   at Microsoft.Data.SqlClient.SqlConnection.GetOpenTdsConnection()
   at Microsoft.Data.SqlClient.SqlConnection.get_Parser()
   at Microsoft.Data.SqlClient.SqlCommand.BeginExecuteNonQueryInternalReadStage(TaskCompletionSource`1 completion)
   at Microsoft.Data.SqlClient.SqlCommand.BeginExecuteNonQueryInternal(CommandBehavior behavior, AsyncCallback callback, Object stateObject, Int32 timeout, Boolean inRetry, Boolean asyncWrite)
   at System.Threading.Tasks.TaskFactory`1.FromAsyncImpl(Func`3 beginMethod, Func`2 endFunction, Action`1 endAction, Object state, TaskCreationOptions creationOptions)
   at Microsoft.Data.SqlClient.SqlCommand.InternalExecuteNonQueryAsync(CancellationToken cancellationToken)
--- End of stack trace from previous location ---
   at SqlSugar.AdoProvider.ExecuteCommandAsync(String sql, SugarParameter[] parameters)
   at SqlSugar.InsertableProvider`1.ExecuteCommandAsync()
   at Lean.Hbt.Infrastructure.Data.Contexts.HbtDbContext.<>c__DisplayClass2_0.<<-ctor>b__3>d.MoveNext() in G:\AppDevelop\VS2025\Lean.Hbt\backend\src\Lean.Hbt.Infrastructure\Data\Contexts\HbtDbContext.cs:line 92
2025-01-21 09:45:02.9095|Error|HbtNLogger|[初始化] 种子数据初始化失败System.InvalidOperationException: 阅读器关闭时尝试调用 ReadAsync 无效。
   at Microsoft.Data.Common.ADP.ExceptionWithStackTrace(Exception e)
--- End of stack trace from previous location ---
   at SqlSugar.DbBindAccessory.GetEntityListAsync[T](SqlSugarProvider context, IDataReader dataReader)
   at SqlSugar.DbBindProvider.DataReaderToListAsync[T](Type type, IDataReader dataReader)
   at SqlSugar.QueryableProvider`1.GetDataAsync[TResult](Boolean isComplexModel, Type entityType, IDataReader dataReader)
   at SqlSugar.QueryableProvider`1.GetDataAsync[TResult](KeyValuePair`2 sqlObj)
   at SqlSugar.QueryableProvider`1._ToListAsync[TResult]()
   at SqlSugar.QueryableProvider`1.AnyAsync()
   at Lean.Hbt.Infrastructure.Data.Seeds.HbtDbSeed.InitializeDeptAsync() in G:\AppDevelop\VS2025\Lean.Hbt\backend\src\Lean.Hbt.Infrastructure\Data\Seeds\HbtDbSeed.cs:line 251
   at Lean.Hbt.Infrastructure.Data.Seeds.HbtDbSeed.InitializeAsync() in G:\AppDevelop\VS2025\Lean.Hbt\backend\src\Lean.Hbt.Infrastructure\Data\Seeds\HbtDbSeed.cs:line 59
2025-01-21 09:45:02.9895|Fatal|Program|应用程序启动失败System.InvalidOperationException: 阅读器关闭时尝试调用 ReadAsync 无效。
   at Microsoft.Data.Common.ADP.ExceptionWithStackTrace(Exception e)
--- End of stack trace from previous location ---
   at SqlSugar.DbBindAccessory.GetEntityListAsync[T](SqlSugarProvider context, IDataReader dataReader)
   at SqlSugar.DbBindProvider.DataReaderToListAsync[T](Type type, IDataReader dataReader)
   at SqlSugar.QueryableProvider`1.GetDataAsync[TResult](Boolean isComplexModel, Type entityType, IDataReader dataReader)
   at SqlSugar.QueryableProvider`1.GetDataAsync[TResult](KeyValuePair`2 sqlObj)
   at SqlSugar.QueryableProvider`1._ToListAsync[TResult]()
   at SqlSugar.QueryableProvider`1.AnyAsync()
   at Lean.Hbt.Infrastructure.Data.Seeds.HbtDbSeed.InitializeDeptAsync() in G:\AppDevelop\VS2025\Lean.Hbt\backend\src\Lean.Hbt.Infrastructure\Data\Seeds\HbtDbSeed.cs:line 251
   at Lean.Hbt.Infrastructure.Data.Seeds.HbtDbSeed.InitializeAsync() in G:\AppDevelop\VS2025\Lean.Hbt\backend\src\Lean.Hbt.Infrastructure\Data\Seeds\HbtDbSeed.cs:line 59
   at Program.<Main>$(String[] args) in G:\AppDevelop\VS2025\Lean.Hbt\backend\src\Lean.Hbt.WebApi\Program.cs:line 53
2025-01-21 10:37:09.0273|Error|HbtNLogger|数据库初始化失败Newtonsoft.Json.JsonSerializationException: Self referencing loop detected for property 'ManifestModule' with type 'System.Reflection.RuntimeModule'. Path '[0].PropertyInfo.Module.Assembly'.
   at Newtonsoft.Json.Serialization.JsonSerializerInternalWriter.CheckForCircularReference(JsonWriter writer, Object value, JsonProperty property, JsonContract contract, JsonContainerContract containerContract, JsonProperty containerProperty)
   at Newtonsoft.Json.Serialization.JsonSerializerInternalWriter.CalculatePropertyValues(JsonWriter writer, Object value, JsonContainerContract contract, JsonProperty member, JsonProperty property, JsonContract& memberContract, Object& memberValue)
   at Newtonsoft.Json.Serialization.JsonSerializerInternalWriter.SerializeObject(JsonWriter writer, Object value, JsonObjectContract contract, JsonProperty member, JsonContainerContract collectionContract, JsonProperty containerProperty)
   at Newtonsoft.Json.Serialization.JsonSerializerInternalWriter.SerializeValue(JsonWriter writer, Object value, JsonContract valueContract, JsonProperty member, JsonContainerContract containerContract, JsonProperty containerProperty)
   at Newtonsoft.Json.Serialization.JsonSerializerInternalWriter.SerializeObject(JsonWriter writer, Object value, JsonObjectContract contract, JsonProperty member, JsonContainerContract collectionContract, JsonProperty containerProperty)
   at Newtonsoft.Json.Serialization.JsonSerializerInternalWriter.SerializeValue(JsonWriter writer, Object value, JsonContract valueContract, JsonProperty member, JsonContainerContract containerContract, JsonProperty containerProperty)
   at Newtonsoft.Json.Serialization.JsonSerializerInternalWriter.SerializeObject(JsonWriter writer, Object value, JsonObjectContract contract, JsonProperty member, JsonContainerContract collectionContract, JsonProperty containerProperty)
   at Newtonsoft.Json.Serialization.JsonSerializerInternalWriter.SerializeValue(JsonWriter writer, Object value, JsonContract valueContract, JsonProperty member, JsonContainerContract containerContract, JsonProperty containerProperty)
   at Newtonsoft.Json.Serialization.JsonSerializerInternalWriter.SerializeObject(JsonWriter writer, Object value, JsonObjectContract contract, JsonProperty member, JsonContainerContract collectionContract, JsonProperty containerProperty)
   at Newtonsoft.Json.Serialization.JsonSerializerInternalWriter.SerializeValue(JsonWriter writer, Object value, JsonContract valueContract, JsonProperty member, JsonContainerContract containerContract, JsonProperty containerProperty)
   at Newtonsoft.Json.Serialization.JsonSerializerInternalWriter.SerializeList(JsonWriter writer, IEnumerable values, JsonArrayContract contract, JsonProperty member, JsonContainerContract collectionContract, JsonProperty containerProperty)
   at Newtonsoft.Json.Serialization.JsonSerializerInternalWriter.SerializeValue(JsonWriter writer, Object value, JsonContract valueContract, JsonProperty member, JsonContainerContract containerContract, JsonProperty containerProperty)
   at Newtonsoft.Json.Serialization.JsonSerializerInternalWriter.Serialize(JsonWriter jsonWriter, Object value, Type objectType)
   at Newtonsoft.Json.JsonSerializer.SerializeInternal(JsonWriter jsonWriter, Object value, Type objectType)
   at Newtonsoft.Json.JsonSerializer.Serialize(JsonWriter jsonWriter, Object value, Type objectType)
   at Newtonsoft.Json.JsonConvert.SerializeObjectInternal(Object value, Type type, JsonSerializer jsonSerializer)
   at Newtonsoft.Json.JsonConvert.SerializeObject(Object value, Type type, JsonSerializerSettings settings)
   at Newtonsoft.Json.JsonConvert.SerializeObject(Object value)
   at SqlSugar.SerializeService.SerializeObject(Object value)
   at SqlSugar.ContextMethods.SerializeObject(Object value)
   at Lean.Hbt.Infrastructure.Data.Contexts.HbtDbContext.InitializeAsync() in G:\AppDevelop\VS2025\Lean.Hbt\backend\src\Lean.Hbt.Infrastructure\Data\Contexts\HbtDbContext.cs:line 295
2025-01-21 10:37:09.0791|Fatal|Program|应用程序启动失败Newtonsoft.Json.JsonSerializationException: Self referencing loop detected for property 'ManifestModule' with type 'System.Reflection.RuntimeModule'. Path '[0].PropertyInfo.Module.Assembly'.
   at Newtonsoft.Json.Serialization.JsonSerializerInternalWriter.CheckForCircularReference(JsonWriter writer, Object value, JsonProperty property, JsonContract contract, JsonContainerContract containerContract, JsonProperty containerProperty)
   at Newtonsoft.Json.Serialization.JsonSerializerInternalWriter.CalculatePropertyValues(JsonWriter writer, Object value, JsonContainerContract contract, JsonProperty member, JsonProperty property, JsonContract& memberContract, Object& memberValue)
   at Newtonsoft.Json.Serialization.JsonSerializerInternalWriter.SerializeObject(JsonWriter writer, Object value, JsonObjectContract contract, JsonProperty member, JsonContainerContract collectionContract, JsonProperty containerProperty)
   at Newtonsoft.Json.Serialization.JsonSerializerInternalWriter.SerializeValue(JsonWriter writer, Object value, JsonContract valueContract, JsonProperty member, JsonContainerContract containerContract, JsonProperty containerProperty)
   at Newtonsoft.Json.Serialization.JsonSerializerInternalWriter.SerializeObject(JsonWriter writer, Object value, JsonObjectContract contract, JsonProperty member, JsonContainerContract collectionContract, JsonProperty containerProperty)
   at Newtonsoft.Json.Serialization.JsonSerializerInternalWriter.SerializeValue(JsonWriter writer, Object value, JsonContract valueContract, JsonProperty member, JsonContainerContract containerContract, JsonProperty containerProperty)
   at Newtonsoft.Json.Serialization.JsonSerializerInternalWriter.SerializeObject(JsonWriter writer, Object value, JsonObjectContract contract, JsonProperty member, JsonContainerContract collectionContract, JsonProperty containerProperty)
   at Newtonsoft.Json.Serialization.JsonSerializerInternalWriter.SerializeValue(JsonWriter writer, Object value, JsonContract valueContract, JsonProperty member, JsonContainerContract containerContract, JsonProperty containerProperty)
   at Newtonsoft.Json.Serialization.JsonSerializerInternalWriter.SerializeObject(JsonWriter writer, Object value, JsonObjectContract contract, JsonProperty member, JsonContainerContract collectionContract, JsonProperty containerProperty)
   at Newtonsoft.Json.Serialization.JsonSerializerInternalWriter.SerializeValue(JsonWriter writer, Object value, JsonContract valueContract, JsonProperty member, JsonContainerContract containerContract, JsonProperty containerProperty)
   at Newtonsoft.Json.Serialization.JsonSerializerInternalWriter.SerializeList(JsonWriter writer, IEnumerable values, JsonArrayContract contract, JsonProperty member, JsonContainerContract collectionContract, JsonProperty containerProperty)
   at Newtonsoft.Json.Serialization.JsonSerializerInternalWriter.SerializeValue(JsonWriter writer, Object value, JsonContract valueContract, JsonProperty member, JsonContainerContract containerContract, JsonProperty containerProperty)
   at Newtonsoft.Json.Serialization.JsonSerializerInternalWriter.Serialize(JsonWriter jsonWriter, Object value, Type objectType)
   at Newtonsoft.Json.JsonSerializer.SerializeInternal(JsonWriter jsonWriter, Object value, Type objectType)
   at Newtonsoft.Json.JsonSerializer.Serialize(JsonWriter jsonWriter, Object value, Type objectType)
   at Newtonsoft.Json.JsonConvert.SerializeObjectInternal(Object value, Type type, JsonSerializer jsonSerializer)
   at Newtonsoft.Json.JsonConvert.SerializeObject(Object value, Type type, JsonSerializerSettings settings)
   at Newtonsoft.Json.JsonConvert.SerializeObject(Object value)
   at SqlSugar.SerializeService.SerializeObject(Object value)
   at SqlSugar.ContextMethods.SerializeObject(Object value)
   at Lean.Hbt.Infrastructure.Data.Contexts.HbtDbContext.InitializeAsync() in G:\AppDevelop\VS2025\Lean.Hbt\backend\src\Lean.Hbt.Infrastructure\Data\Contexts\HbtDbContext.cs:line 295
   at Program.<Main>$(String[] args) in G:\AppDevelop\VS2025\Lean.Hbt\backend\src\Lean.Hbt.WebApi\Program.cs:line 49
2025-01-21 10:48:41.1641|Error|HbtNLogger|数据库初始化失败Newtonsoft.Json.JsonSerializationException: Self referencing loop detected for property 'ManifestModule' with type 'System.Reflection.RuntimeModule'. Path '[0].PropertyInfo.Module.Assembly'.
   at Newtonsoft.Json.Serialization.JsonSerializerInternalWriter.CheckForCircularReference(JsonWriter writer, Object value, JsonProperty property, JsonContract contract, JsonContainerContract containerContract, JsonProperty containerProperty)
   at Newtonsoft.Json.Serialization.JsonSerializerInternalWriter.CalculatePropertyValues(JsonWriter writer, Object value, JsonContainerContract contract, JsonProperty member, JsonProperty property, JsonContract& memberContract, Object& memberValue)
   at Newtonsoft.Json.Serialization.JsonSerializerInternalWriter.SerializeObject(JsonWriter writer, Object value, JsonObjectContract contract, JsonProperty member, JsonContainerContract collectionContract, JsonProperty containerProperty)
   at Newtonsoft.Json.Serialization.JsonSerializerInternalWriter.SerializeValue(JsonWriter writer, Object value, JsonContract valueContract, JsonProperty member, JsonContainerContract containerContract, JsonProperty containerProperty)
   at Newtonsoft.Json.Serialization.JsonSerializerInternalWriter.SerializeObject(JsonWriter writer, Object value, JsonObjectContract contract, JsonProperty member, JsonContainerContract collectionContract, JsonProperty containerProperty)
   at Newtonsoft.Json.Serialization.JsonSerializerInternalWriter.SerializeValue(JsonWriter writer, Object value, JsonContract valueContract, JsonProperty member, JsonContainerContract containerContract, JsonProperty containerProperty)
   at Newtonsoft.Json.Serialization.JsonSerializerInternalWriter.SerializeObject(JsonWriter writer, Object value, JsonObjectContract contract, JsonProperty member, JsonContainerContract collectionContract, JsonProperty containerProperty)
   at Newtonsoft.Json.Serialization.JsonSerializerInternalWriter.SerializeValue(JsonWriter writer, Object value, JsonContract valueContract, JsonProperty member, JsonContainerContract containerContract, JsonProperty containerProperty)
   at Newtonsoft.Json.Serialization.JsonSerializerInternalWriter.SerializeObject(JsonWriter writer, Object value, JsonObjectContract contract, JsonProperty member, JsonContainerContract collectionContract, JsonProperty containerProperty)
   at Newtonsoft.Json.Serialization.JsonSerializerInternalWriter.SerializeValue(JsonWriter writer, Object value, JsonContract valueContract, JsonProperty member, JsonContainerContract containerContract, JsonProperty containerProperty)
   at Newtonsoft.Json.Serialization.JsonSerializerInternalWriter.SerializeList(JsonWriter writer, IEnumerable values, JsonArrayContract contract, JsonProperty member, JsonContainerContract collectionContract, JsonProperty containerProperty)
   at Newtonsoft.Json.Serialization.JsonSerializerInternalWriter.SerializeValue(JsonWriter writer, Object value, JsonContract valueContract, JsonProperty member, JsonContainerContract containerContract, JsonProperty containerProperty)
   at Newtonsoft.Json.Serialization.JsonSerializerInternalWriter.Serialize(JsonWriter jsonWriter, Object value, Type objectType)
   at Newtonsoft.Json.JsonSerializer.SerializeInternal(JsonWriter jsonWriter, Object value, Type objectType)
   at Newtonsoft.Json.JsonSerializer.Serialize(JsonWriter jsonWriter, Object value, Type objectType)
   at Newtonsoft.Json.JsonConvert.SerializeObjectInternal(Object value, Type type, JsonSerializer jsonSerializer)
   at Newtonsoft.Json.JsonConvert.SerializeObject(Object value, Type type, JsonSerializerSettings settings)
   at Newtonsoft.Json.JsonConvert.SerializeObject(Object value)
   at SqlSugar.SerializeService.SerializeObject(Object value)
   at SqlSugar.ContextMethods.SerializeObject(Object value)
   at Lean.Hbt.Infrastructure.Data.Contexts.HbtDbContext.InitializeAsync() in G:\AppDevelop\VS2025\Lean.Hbt\backend\src\Lean.Hbt.Infrastructure\Data\Contexts\HbtDbContext.cs:line 295
2025-01-21 10:48:41.2121|Fatal|Program|应用程序启动失败Newtonsoft.Json.JsonSerializationException: Self referencing loop detected for property 'ManifestModule' with type 'System.Reflection.RuntimeModule'. Path '[0].PropertyInfo.Module.Assembly'.
   at Newtonsoft.Json.Serialization.JsonSerializerInternalWriter.CheckForCircularReference(JsonWriter writer, Object value, JsonProperty property, JsonContract contract, JsonContainerContract containerContract, JsonProperty containerProperty)
   at Newtonsoft.Json.Serialization.JsonSerializerInternalWriter.CalculatePropertyValues(JsonWriter writer, Object value, JsonContainerContract contract, JsonProperty member, JsonProperty property, JsonContract& memberContract, Object& memberValue)
   at Newtonsoft.Json.Serialization.JsonSerializerInternalWriter.SerializeObject(JsonWriter writer, Object value, JsonObjectContract contract, JsonProperty member, JsonContainerContract collectionContract, JsonProperty containerProperty)
   at Newtonsoft.Json.Serialization.JsonSerializerInternalWriter.SerializeValue(JsonWriter writer, Object value, JsonContract valueContract, JsonProperty member, JsonContainerContract containerContract, JsonProperty containerProperty)
   at Newtonsoft.Json.Serialization.JsonSerializerInternalWriter.SerializeObject(JsonWriter writer, Object value, JsonObjectContract contract, JsonProperty member, JsonContainerContract collectionContract, JsonProperty containerProperty)
   at Newtonsoft.Json.Serialization.JsonSerializerInternalWriter.SerializeValue(JsonWriter writer, Object value, JsonContract valueContract, JsonProperty member, JsonContainerContract containerContract, JsonProperty containerProperty)
   at Newtonsoft.Json.Serialization.JsonSerializerInternalWriter.SerializeObject(JsonWriter writer, Object value, JsonObjectContract contract, JsonProperty member, JsonContainerContract collectionContract, JsonProperty containerProperty)
   at Newtonsoft.Json.Serialization.JsonSerializerInternalWriter.SerializeValue(JsonWriter writer, Object value, JsonContract valueContract, JsonProperty member, JsonContainerContract containerContract, JsonProperty containerProperty)
   at Newtonsoft.Json.Serialization.JsonSerializerInternalWriter.SerializeObject(JsonWriter writer, Object value, JsonObjectContract contract, JsonProperty member, JsonContainerContract collectionContract, JsonProperty containerProperty)
   at Newtonsoft.Json.Serialization.JsonSerializerInternalWriter.SerializeValue(JsonWriter writer, Object value, JsonContract valueContract, JsonProperty member, JsonContainerContract containerContract, JsonProperty containerProperty)
   at Newtonsoft.Json.Serialization.JsonSerializerInternalWriter.SerializeList(JsonWriter writer, IEnumerable values, JsonArrayContract contract, JsonProperty member, JsonContainerContract collectionContract, JsonProperty containerProperty)
   at Newtonsoft.Json.Serialization.JsonSerializerInternalWriter.SerializeValue(JsonWriter writer, Object value, JsonContract valueContract, JsonProperty member, JsonContainerContract containerContract, JsonProperty containerProperty)
   at Newtonsoft.Json.Serialization.JsonSerializerInternalWriter.Serialize(JsonWriter jsonWriter, Object value, Type objectType)
   at Newtonsoft.Json.JsonSerializer.SerializeInternal(JsonWriter jsonWriter, Object value, Type objectType)
   at Newtonsoft.Json.JsonSerializer.Serialize(JsonWriter jsonWriter, Object value, Type objectType)
   at Newtonsoft.Json.JsonConvert.SerializeObjectInternal(Object value, Type type, JsonSerializer jsonSerializer)
   at Newtonsoft.Json.JsonConvert.SerializeObject(Object value, Type type, JsonSerializerSettings settings)
   at Newtonsoft.Json.JsonConvert.SerializeObject(Object value)
   at SqlSugar.SerializeService.SerializeObject(Object value)
   at SqlSugar.ContextMethods.SerializeObject(Object value)
   at Lean.Hbt.Infrastructure.Data.Contexts.HbtDbContext.InitializeAsync() in G:\AppDevelop\VS2025\Lean.Hbt\backend\src\Lean.Hbt.Infrastructure\Data\Contexts\HbtDbContext.cs:line 295
   at Program.<Main>$(String[] args) in G:\AppDevelop\VS2025\Lean.Hbt\backend\src\Lean.Hbt.WebApi\Program.cs:line 49
2025-01-21 10:55:32.2478|Fatal|Program|应用程序启动失败SqlSugar.SqlSugarException: 中文提示 :  连接数据库过程中发生错误，检查服务器是否正常连接字符串是否正确，错误信息：Globalization Invariant Mode is not supported.DbType="SqlServer";ConfigId="".
English Message : Connection open error . Globalization Invariant Mode is not supported.DbType="SqlServer";ConfigId="" 
   at SqlSugar.Check.Exception(Boolean isException, String message, String[] args)
   at SqlSugar.AdoProvider.CheckConnection()
   at SqlSugar.SqlServerProvider.GetCommand(String sql, SugarParameter[] parameters)
   at SqlSugar.AdoProvider.GetDataReader(String sql, SugarParameter[] parameters)
   at SqlSugar.AdoProvider.SqlQuery[T,T2,T3,T4,T5,T6,T7](String sql, Object parameters)
   at SqlSugar.AdoProvider.SqlQuery[T](String sql, SugarParameter[] parameters)
   at SqlSugar.AdoProvider.SqlQuery[T](String sql, Object parameters)
   at SqlSugar.DbMaintenanceProvider.<>c__DisplayClass77_0`1.<GetListOrCache>b__0()
   at SqlSugar.ReflectionInoCore`1.GetOrCreate(String cacheKey, Func`1 create)
   at SqlSugar.ReflectionInoCacheService.GetOrCreate[V](String cacheKey, Func`1 create, Int32 cacheDurationInSeconds)
   at SqlSugar.DbMaintenanceProvider.GetListOrCache[T](String cacheKey, String sql)
   at SqlSugar.DbMaintenanceProvider.GetTableInfoList(Boolean isCache)
   at SqlSugar.DbMaintenanceProvider.IsAnyTable(String tableName, Boolean isCache)
   at SqlSugar.SqlServerDbMaintenance.IsAnyTable(String tableName, Boolean isCache)
   at Lean.Hbt.Infrastructure.Data.Contexts.HbtDbContext..ctor(IOptions`1 options, IHbtLogger logger) in G:\AppDevelop\VS2025\Lean.Hbt\backend\src\Lean.Hbt.Infrastructure\Data\Contexts\HbtDbContext.cs:line 129
   at System.RuntimeMethodHandle.InvokeMethod(Object target, Void** arguments, Signature sig, Boolean isConstructor)
   at System.Reflection.MethodBaseInvoker.InvokeDirectByRefWithFewArgs(Object obj, Span`1 copyOfArgs, BindingFlags invokeAttr)
   at System.Reflection.MethodBaseInvoker.InvokeWithFewArgs(Object obj, BindingFlags invokeAttr, Binder binder, Object[] parameters, CultureInfo culture)
   at System.Reflection.RuntimeConstructorInfo.Invoke(BindingFlags invokeAttr, Binder binder, Object[] parameters, CultureInfo culture)
   at Microsoft.Extensions.DependencyInjection.ServiceLookup.CallSiteRuntimeResolver.VisitConstructor(ConstructorCallSite constructorCallSite, RuntimeResolverContext context)
   at Microsoft.Extensions.DependencyInjection.ServiceLookup.CallSiteVisitor`2.VisitCallSiteMain(ServiceCallSite callSite, TArgument argument)
   at Microsoft.Extensions.DependencyInjection.ServiceLookup.CallSiteRuntimeResolver.VisitCache(ServiceCallSite callSite, RuntimeResolverContext context, ServiceProviderEngineScope serviceProviderEngine, RuntimeResolverLock lockType)
   at Microsoft.Extensions.DependencyInjection.ServiceLookup.CallSiteRuntimeResolver.VisitScopeCache(ServiceCallSite callSite, RuntimeResolverContext context)
   at Microsoft.Extensions.DependencyInjection.ServiceLookup.CallSiteVisitor`2.VisitCallSite(ServiceCallSite callSite, TArgument argument)
   at Microsoft.Extensions.DependencyInjection.ServiceLookup.CallSiteRuntimeResolver.Resolve(ServiceCallSite callSite, ServiceProviderEngineScope scope)
   at Microsoft.Extensions.DependencyInjection.ServiceLookup.DynamicServiceProviderEngine.<>c__DisplayClass2_0.<RealizeService>b__0(ServiceProviderEngineScope scope)
   at Microsoft.Extensions.DependencyInjection.ServiceProvider.GetService(ServiceIdentifier serviceIdentifier, ServiceProviderEngineScope serviceProviderEngineScope)
   at Microsoft.Extensions.DependencyInjection.ServiceLookup.ServiceProviderEngineScope.GetService(Type serviceType)
   at Microsoft.Extensions.DependencyInjection.ServiceProviderServiceExtensions.GetRequiredService(IServiceProvider provider, Type serviceType)
   at Microsoft.Extensions.DependencyInjection.ServiceProviderServiceExtensions.GetRequiredService[T](IServiceProvider provider)
   at Program.<Main>$(String[] args) in G:\AppDevelop\VS2025\Lean.Hbt\backend\src\Lean.Hbt.WebApi\Program.cs:line 57
2025-01-21 10:56:38.5843|Fatal|Program|应用程序启动失败SqlSugar.SqlSugarException: 中文提示 :  连接数据库过程中发生错误，检查服务器是否正常连接字符串是否正确，错误信息：Globalization Invariant Mode is not supported.DbType="SqlServer";ConfigId="".
English Message : Connection open error . Globalization Invariant Mode is not supported.DbType="SqlServer";ConfigId="" 
   at SqlSugar.Check.Exception(Boolean isException, String message, String[] args)
   at SqlSugar.AdoProvider.CheckConnection()
   at SqlSugar.SqlServerProvider.GetCommand(String sql, SugarParameter[] parameters)
   at SqlSugar.AdoProvider.GetDataReader(String sql, SugarParameter[] parameters)
   at SqlSugar.AdoProvider.SqlQuery[T,T2,T3,T4,T5,T6,T7](String sql, Object parameters)
   at SqlSugar.AdoProvider.SqlQuery[T](String sql, SugarParameter[] parameters)
   at SqlSugar.AdoProvider.SqlQuery[T](String sql, Object parameters)
   at SqlSugar.DbMaintenanceProvider.<>c__DisplayClass77_0`1.<GetListOrCache>b__0()
   at SqlSugar.ReflectionInoCore`1.GetOrCreate(String cacheKey, Func`1 create)
   at SqlSugar.ReflectionInoCacheService.GetOrCreate[V](String cacheKey, Func`1 create, Int32 cacheDurationInSeconds)
   at SqlSugar.DbMaintenanceProvider.GetListOrCache[T](String cacheKey, String sql)
   at SqlSugar.DbMaintenanceProvider.GetTableInfoList(Boolean isCache)
   at SqlSugar.DbMaintenanceProvider.IsAnyTable(String tableName, Boolean isCache)
   at SqlSugar.SqlServerDbMaintenance.IsAnyTable(String tableName, Boolean isCache)
   at Lean.Hbt.Infrastructure.Data.Contexts.HbtDbContext..ctor(IOptions`1 options, IHbtLogger logger) in G:\AppDevelop\VS2025\Lean.Hbt\backend\src\Lean.Hbt.Infrastructure\Data\Contexts\HbtDbContext.cs:line 129
   at System.RuntimeMethodHandle.InvokeMethod(Object target, Void** arguments, Signature sig, Boolean isConstructor)
   at System.Reflection.MethodBaseInvoker.InvokeDirectByRefWithFewArgs(Object obj, Span`1 copyOfArgs, BindingFlags invokeAttr)
   at System.Reflection.MethodBaseInvoker.InvokeWithFewArgs(Object obj, BindingFlags invokeAttr, Binder binder, Object[] parameters, CultureInfo culture)
   at System.Reflection.RuntimeConstructorInfo.Invoke(BindingFlags invokeAttr, Binder binder, Object[] parameters, CultureInfo culture)
   at Microsoft.Extensions.DependencyInjection.ServiceLookup.CallSiteRuntimeResolver.VisitConstructor(ConstructorCallSite constructorCallSite, RuntimeResolverContext context)
   at Microsoft.Extensions.DependencyInjection.ServiceLookup.CallSiteVisitor`2.VisitCallSiteMain(ServiceCallSite callSite, TArgument argument)
   at Microsoft.Extensions.DependencyInjection.ServiceLookup.CallSiteRuntimeResolver.VisitCache(ServiceCallSite callSite, RuntimeResolverContext context, ServiceProviderEngineScope serviceProviderEngine, RuntimeResolverLock lockType)
   at Microsoft.Extensions.DependencyInjection.ServiceLookup.CallSiteRuntimeResolver.VisitScopeCache(ServiceCallSite callSite, RuntimeResolverContext context)
   at Microsoft.Extensions.DependencyInjection.ServiceLookup.CallSiteVisitor`2.VisitCallSite(ServiceCallSite callSite, TArgument argument)
   at Microsoft.Extensions.DependencyInjection.ServiceLookup.CallSiteRuntimeResolver.Resolve(ServiceCallSite callSite, ServiceProviderEngineScope scope)
   at Microsoft.Extensions.DependencyInjection.ServiceLookup.DynamicServiceProviderEngine.<>c__DisplayClass2_0.<RealizeService>b__0(ServiceProviderEngineScope scope)
   at Microsoft.Extensions.DependencyInjection.ServiceProvider.GetService(ServiceIdentifier serviceIdentifier, ServiceProviderEngineScope serviceProviderEngineScope)
   at Microsoft.Extensions.DependencyInjection.ServiceLookup.ServiceProviderEngineScope.GetService(Type serviceType)
   at Microsoft.Extensions.DependencyInjection.ServiceProviderServiceExtensions.GetRequiredService(IServiceProvider provider, Type serviceType)
   at Microsoft.Extensions.DependencyInjection.ServiceProviderServiceExtensions.GetRequiredService[T](IServiceProvider provider)
   at Program.<Main>$(String[] args) in G:\AppDevelop\VS2025\Lean.Hbt\backend\src\Lean.Hbt.WebApi\Program.cs:line 57
2025-01-21 10:56:51.7635|Fatal|Program|应用程序启动失败SqlSugar.SqlSugarException: 中文提示 :  连接数据库过程中发生错误，检查服务器是否正常连接字符串是否正确，错误信息：Globalization Invariant Mode is not supported.DbType="SqlServer";ConfigId="".
English Message : Connection open error . Globalization Invariant Mode is not supported.DbType="SqlServer";ConfigId="" 
   at SqlSugar.Check.Exception(Boolean isException, String message, String[] args)
   at SqlSugar.AdoProvider.CheckConnection()
   at SqlSugar.SqlServerProvider.GetCommand(String sql, SugarParameter[] parameters)
   at SqlSugar.AdoProvider.GetDataReader(String sql, SugarParameter[] parameters)
   at SqlSugar.AdoProvider.SqlQuery[T,T2,T3,T4,T5,T6,T7](String sql, Object parameters)
   at SqlSugar.AdoProvider.SqlQuery[T](String sql, SugarParameter[] parameters)
   at SqlSugar.AdoProvider.SqlQuery[T](String sql, Object parameters)
   at SqlSugar.DbMaintenanceProvider.<>c__DisplayClass77_0`1.<GetListOrCache>b__0()
   at SqlSugar.ReflectionInoCore`1.GetOrCreate(String cacheKey, Func`1 create)
   at SqlSugar.ReflectionInoCacheService.GetOrCreate[V](String cacheKey, Func`1 create, Int32 cacheDurationInSeconds)
   at SqlSugar.DbMaintenanceProvider.GetListOrCache[T](String cacheKey, String sql)
   at SqlSugar.DbMaintenanceProvider.GetTableInfoList(Boolean isCache)
   at SqlSugar.DbMaintenanceProvider.IsAnyTable(String tableName, Boolean isCache)
   at SqlSugar.SqlServerDbMaintenance.IsAnyTable(String tableName, Boolean isCache)
   at Lean.Hbt.Infrastructure.Data.Contexts.HbtDbContext..ctor(IOptions`1 options, IHbtLogger logger) in G:\AppDevelop\VS2025\Lean.Hbt\backend\src\Lean.Hbt.Infrastructure\Data\Contexts\HbtDbContext.cs:line 129
   at System.RuntimeMethodHandle.InvokeMethod(Object target, Void** arguments, Signature sig, Boolean isConstructor)
   at System.Reflection.MethodBaseInvoker.InvokeDirectByRefWithFewArgs(Object obj, Span`1 copyOfArgs, BindingFlags invokeAttr)
   at System.Reflection.MethodBaseInvoker.InvokeWithFewArgs(Object obj, BindingFlags invokeAttr, Binder binder, Object[] parameters, CultureInfo culture)
   at System.Reflection.RuntimeConstructorInfo.Invoke(BindingFlags invokeAttr, Binder binder, Object[] parameters, CultureInfo culture)
   at Microsoft.Extensions.DependencyInjection.ServiceLookup.CallSiteRuntimeResolver.VisitConstructor(ConstructorCallSite constructorCallSite, RuntimeResolverContext context)
   at Microsoft.Extensions.DependencyInjection.ServiceLookup.CallSiteVisitor`2.VisitCallSiteMain(ServiceCallSite callSite, TArgument argument)
   at Microsoft.Extensions.DependencyInjection.ServiceLookup.CallSiteRuntimeResolver.VisitCache(ServiceCallSite callSite, RuntimeResolverContext context, ServiceProviderEngineScope serviceProviderEngine, RuntimeResolverLock lockType)
   at Microsoft.Extensions.DependencyInjection.ServiceLookup.CallSiteRuntimeResolver.VisitScopeCache(ServiceCallSite callSite, RuntimeResolverContext context)
   at Microsoft.Extensions.DependencyInjection.ServiceLookup.CallSiteVisitor`2.VisitCallSite(ServiceCallSite callSite, TArgument argument)
   at Microsoft.Extensions.DependencyInjection.ServiceLookup.CallSiteRuntimeResolver.Resolve(ServiceCallSite callSite, ServiceProviderEngineScope scope)
   at Microsoft.Extensions.DependencyInjection.ServiceLookup.DynamicServiceProviderEngine.<>c__DisplayClass2_0.<RealizeService>b__0(ServiceProviderEngineScope scope)
   at Microsoft.Extensions.DependencyInjection.ServiceProvider.GetService(ServiceIdentifier serviceIdentifier, ServiceProviderEngineScope serviceProviderEngineScope)
   at Microsoft.Extensions.DependencyInjection.ServiceLookup.ServiceProviderEngineScope.GetService(Type serviceType)
   at Microsoft.Extensions.DependencyInjection.ServiceProviderServiceExtensions.GetRequiredService(IServiceProvider provider, Type serviceType)
   at Microsoft.Extensions.DependencyInjection.ServiceProviderServiceExtensions.GetRequiredService[T](IServiceProvider provider)
   at Program.<Main>$(String[] args) in G:\AppDevelop\VS2025\Lean.Hbt\backend\src\Lean.Hbt.WebApi\Program.cs:line 57
2025-01-21 10:58:26.9008|Error|HbtNLogger|数据库初始化失败System.OutOfMemoryException: Insufficient memory to continue the execution of the program.
   at System.Text.StringBuilder.ExpandByABlock(Int32 minBlockCharCount)
   at System.Text.StringBuilder.AppendWithExpansion(Char value)
   at Newtonsoft.Json.JsonTextWriter.WriteEnd(JsonToken token)
   at Newtonsoft.Json.JsonWriter.AutoCompleteClose(JsonContainerType type)
   at Newtonsoft.Json.JsonWriter.WriteEnd(JsonContainerType type)
   at Newtonsoft.Json.JsonWriter.WriteEnd()
   at Newtonsoft.Json.JsonWriter.AutoCompleteAll()
   at Newtonsoft.Json.JsonWriter.Close()
   at Newtonsoft.Json.JsonTextWriter.Close()
   at Newtonsoft.Json.JsonWriter.Dispose(Boolean disposing)
   at Newtonsoft.Json.JsonWriter.System.IDisposable.Dispose()
   at Newtonsoft.Json.JsonConvert.SerializeObjectInternal(Object value, Type type, JsonSerializer jsonSerializer)
   at Newtonsoft.Json.JsonConvert.SerializeObject(Object value, Type type, JsonSerializerSettings settings)
   at Newtonsoft.Json.JsonConvert.SerializeObject(Object value)
   at SqlSugar.SerializeService.SerializeObject(Object value)
   at SqlSugar.ContextMethods.SerializeObject(Object value)
   at Lean.Hbt.Infrastructure.Data.Contexts.HbtDbContext.InitializeAsync() in G:\AppDevelop\VS2025\Lean.Hbt\backend\src\Lean.Hbt.Infrastructure\Data\Contexts\HbtDbContext.cs:line 295
2025-01-21 10:58:27.0099|Fatal|Program|应用程序启动失败System.OutOfMemoryException: Insufficient memory to continue the execution of the program.
   at System.Text.StringBuilder.ExpandByABlock(Int32 minBlockCharCount)
   at System.Text.StringBuilder.AppendWithExpansion(Char value)
   at Newtonsoft.Json.JsonTextWriter.WriteEnd(JsonToken token)
   at Newtonsoft.Json.JsonWriter.AutoCompleteClose(JsonContainerType type)
   at Newtonsoft.Json.JsonWriter.WriteEnd(JsonContainerType type)
   at Newtonsoft.Json.JsonWriter.WriteEnd()
   at Newtonsoft.Json.JsonWriter.AutoCompleteAll()
   at Newtonsoft.Json.JsonWriter.Close()
   at Newtonsoft.Json.JsonTextWriter.Close()
   at Newtonsoft.Json.JsonWriter.Dispose(Boolean disposing)
   at Newtonsoft.Json.JsonWriter.System.IDisposable.Dispose()
   at Newtonsoft.Json.JsonConvert.SerializeObjectInternal(Object value, Type type, JsonSerializer jsonSerializer)
   at Newtonsoft.Json.JsonConvert.SerializeObject(Object value, Type type, JsonSerializerSettings settings)
   at Newtonsoft.Json.JsonConvert.SerializeObject(Object value)
   at SqlSugar.SerializeService.SerializeObject(Object value)
   at SqlSugar.ContextMethods.SerializeObject(Object value)
   at Lean.Hbt.Infrastructure.Data.Contexts.HbtDbContext.InitializeAsync() in G:\AppDevelop\VS2025\Lean.Hbt\backend\src\Lean.Hbt.Infrastructure\Data\Contexts\HbtDbContext.cs:line 295
   at Program.<Main>$(String[] args) in G:\AppDevelop\VS2025\Lean.Hbt\backend\src\Lean.Hbt.WebApi\Program.cs:line 58
2025-01-21 10:59:53.6980|Error|HbtNLogger|数据库初始化失败System.OutOfMemoryException: Insufficient memory to continue the execution of the program.
   at System.Text.StringBuilder.ExpandByABlock(Int32 minBlockCharCount)
   at System.Text.StringBuilder.AppendWithExpansion(Char value)
   at Newtonsoft.Json.JsonTextWriter.WriteEnd(JsonToken token)
   at Newtonsoft.Json.JsonWriter.AutoCompleteClose(JsonContainerType type)
   at Newtonsoft.Json.JsonWriter.WriteEnd(JsonContainerType type)
   at Newtonsoft.Json.JsonWriter.WriteEnd()
   at Newtonsoft.Json.JsonWriter.AutoCompleteAll()
   at Newtonsoft.Json.JsonWriter.Close()
   at Newtonsoft.Json.JsonTextWriter.Close()
   at Newtonsoft.Json.JsonWriter.Dispose(Boolean disposing)
   at Newtonsoft.Json.JsonWriter.System.IDisposable.Dispose()
   at Newtonsoft.Json.JsonConvert.SerializeObjectInternal(Object value, Type type, JsonSerializer jsonSerializer)
   at Newtonsoft.Json.JsonConvert.SerializeObject(Object value, Type type, JsonSerializerSettings settings)
   at Newtonsoft.Json.JsonConvert.SerializeObject(Object value)
   at SqlSugar.SerializeService.SerializeObject(Object value)
   at SqlSugar.ContextMethods.SerializeObject(Object value)
   at Lean.Hbt.Infrastructure.Data.Contexts.HbtDbContext.InitializeAsync() in G:\AppDevelop\VS2025\Lean.Hbt\backend\src\Lean.Hbt.Infrastructure\Data\Contexts\HbtDbContext.cs:line 295
2025-01-21 10:59:53.8593|Fatal|Program|应用程序启动失败System.OutOfMemoryException: Insufficient memory to continue the execution of the program.
   at System.Text.StringBuilder.ExpandByABlock(Int32 minBlockCharCount)
   at System.Text.StringBuilder.AppendWithExpansion(Char value)
   at Newtonsoft.Json.JsonTextWriter.WriteEnd(JsonToken token)
   at Newtonsoft.Json.JsonWriter.AutoCompleteClose(JsonContainerType type)
   at Newtonsoft.Json.JsonWriter.WriteEnd(JsonContainerType type)
   at Newtonsoft.Json.JsonWriter.WriteEnd()
   at Newtonsoft.Json.JsonWriter.AutoCompleteAll()
   at Newtonsoft.Json.JsonWriter.Close()
   at Newtonsoft.Json.JsonTextWriter.Close()
   at Newtonsoft.Json.JsonWriter.Dispose(Boolean disposing)
   at Newtonsoft.Json.JsonWriter.System.IDisposable.Dispose()
   at Newtonsoft.Json.JsonConvert.SerializeObjectInternal(Object value, Type type, JsonSerializer jsonSerializer)
   at Newtonsoft.Json.JsonConvert.SerializeObject(Object value, Type type, JsonSerializerSettings settings)
   at Newtonsoft.Json.JsonConvert.SerializeObject(Object value)
   at SqlSugar.SerializeService.SerializeObject(Object value)
   at SqlSugar.ContextMethods.SerializeObject(Object value)
   at Lean.Hbt.Infrastructure.Data.Contexts.HbtDbContext.InitializeAsync() in G:\AppDevelop\VS2025\Lean.Hbt\backend\src\Lean.Hbt.Infrastructure\Data\Contexts\HbtDbContext.cs:line 295
   at Program.<Main>$(String[] args) in G:\AppDevelop\VS2025\Lean.Hbt\backend\src\Lean.Hbt.WebApi\Program.cs:line 58
2025-01-21 11:06:32.5949|Error|HbtNLogger|数据库初始化失败System.OutOfMemoryException: Insufficient memory to continue the execution of the program.
   at System.Text.StringBuilder.ExpandByABlock(Int32 minBlockCharCount)
   at System.Text.StringBuilder.AppendWithExpansion(Char value)
   at Newtonsoft.Json.JsonTextWriter.WriteEnd(JsonToken token)
   at Newtonsoft.Json.JsonWriter.AutoCompleteClose(JsonContainerType type)
   at Newtonsoft.Json.JsonWriter.WriteEnd(JsonContainerType type)
   at Newtonsoft.Json.JsonWriter.WriteEnd()
   at Newtonsoft.Json.JsonWriter.AutoCompleteAll()
   at Newtonsoft.Json.JsonWriter.Close()
   at Newtonsoft.Json.JsonTextWriter.Close()
   at Newtonsoft.Json.JsonWriter.Dispose(Boolean disposing)
   at Newtonsoft.Json.JsonWriter.System.IDisposable.Dispose()
   at Newtonsoft.Json.JsonConvert.SerializeObjectInternal(Object value, Type type, JsonSerializer jsonSerializer)
   at Newtonsoft.Json.JsonConvert.SerializeObject(Object value, Type type, JsonSerializerSettings settings)
   at Newtonsoft.Json.JsonConvert.SerializeObject(Object value)
   at SqlSugar.SerializeService.SerializeObject(Object value)
   at SqlSugar.ContextMethods.SerializeObject(Object value)
   at Lean.Hbt.Infrastructure.Data.Contexts.HbtDbContext.InitializeAsync() in G:\AppDevelop\VS2025\Lean.Hbt\backend\src\Lean.Hbt.Infrastructure\Data\Contexts\HbtDbContext.cs:line 295
2025-01-21 11:06:32.6686|Fatal|Program|应用程序启动失败System.OutOfMemoryException: Insufficient memory to continue the execution of the program.
   at System.Text.StringBuilder.ExpandByABlock(Int32 minBlockCharCount)
   at System.Text.StringBuilder.AppendWithExpansion(Char value)
   at Newtonsoft.Json.JsonTextWriter.WriteEnd(JsonToken token)
   at Newtonsoft.Json.JsonWriter.AutoCompleteClose(JsonContainerType type)
   at Newtonsoft.Json.JsonWriter.WriteEnd(JsonContainerType type)
   at Newtonsoft.Json.JsonWriter.WriteEnd()
   at Newtonsoft.Json.JsonWriter.AutoCompleteAll()
   at Newtonsoft.Json.JsonWriter.Close()
   at Newtonsoft.Json.JsonTextWriter.Close()
   at Newtonsoft.Json.JsonWriter.Dispose(Boolean disposing)
   at Newtonsoft.Json.JsonWriter.System.IDisposable.Dispose()
   at Newtonsoft.Json.JsonConvert.SerializeObjectInternal(Object value, Type type, JsonSerializer jsonSerializer)
   at Newtonsoft.Json.JsonConvert.SerializeObject(Object value, Type type, JsonSerializerSettings settings)
   at Newtonsoft.Json.JsonConvert.SerializeObject(Object value)
   at SqlSugar.SerializeService.SerializeObject(Object value)
   at SqlSugar.ContextMethods.SerializeObject(Object value)
   at Lean.Hbt.Infrastructure.Data.Contexts.HbtDbContext.InitializeAsync() in G:\AppDevelop\VS2025\Lean.Hbt\backend\src\Lean.Hbt.Infrastructure\Data\Contexts\HbtDbContext.cs:line 295
   at Program.<Main>$(String[] args) in G:\AppDevelop\VS2025\Lean.Hbt\backend\src\Lean.Hbt.WebApi\Program.cs:line 58
2025-01-21 13:21:05.8859|Fatal|Program|应用程序启动失败SqlSugar.SqlSugarException: ALTER TABLE 只允许添加满足下述条件的列: 列可以包含 Null 值；或者列具有指定的 DEFAULT 定义；或者要添加的列是标识列或时间戳列；或者，如果前几个条件均未满足，则表必须为空以允许添加此列。不能将列“order_num”添加到非空表“hbt_role”中，因为它不满足上述条件。
   at SqlSugar.Check.Exception(Boolean isException, String message, String[] args)
   at SqlSugar.CodeFirstProvider.InitTables(Type entityType)
   at Lean.Hbt.Infrastructure.Data.Contexts.HbtDbContext..ctor(IOptions`1 options, IHbtLogger logger) in G:\AppDevelop\VS2025\Lean.Hbt\backend\src\Lean.Hbt.Infrastructure\Data\Contexts\HbtDbContext.cs:line 162
   at System.RuntimeMethodHandle.InvokeMethod(Object target, Void** arguments, Signature sig, Boolean isConstructor)
   at System.Reflection.MethodBaseInvoker.InvokeDirectByRefWithFewArgs(Object obj, Span`1 copyOfArgs, BindingFlags invokeAttr)
   at System.Reflection.MethodBaseInvoker.InvokeWithFewArgs(Object obj, BindingFlags invokeAttr, Binder binder, Object[] parameters, CultureInfo culture)
   at System.Reflection.RuntimeConstructorInfo.Invoke(BindingFlags invokeAttr, Binder binder, Object[] parameters, CultureInfo culture)
   at Microsoft.Extensions.DependencyInjection.ServiceLookup.CallSiteRuntimeResolver.VisitConstructor(ConstructorCallSite constructorCallSite, RuntimeResolverContext context)
   at Microsoft.Extensions.DependencyInjection.ServiceLookup.CallSiteVisitor`2.VisitCallSiteMain(ServiceCallSite callSite, TArgument argument)
   at Microsoft.Extensions.DependencyInjection.ServiceLookup.CallSiteRuntimeResolver.VisitCache(ServiceCallSite callSite, RuntimeResolverContext context, ServiceProviderEngineScope serviceProviderEngine, RuntimeResolverLock lockType)
   at Microsoft.Extensions.DependencyInjection.ServiceLookup.CallSiteRuntimeResolver.VisitScopeCache(ServiceCallSite callSite, RuntimeResolverContext context)
   at Microsoft.Extensions.DependencyInjection.ServiceLookup.CallSiteVisitor`2.VisitCallSite(ServiceCallSite callSite, TArgument argument)
   at Microsoft.Extensions.DependencyInjection.ServiceLookup.CallSiteRuntimeResolver.Resolve(ServiceCallSite callSite, ServiceProviderEngineScope scope)
   at Microsoft.Extensions.DependencyInjection.ServiceLookup.DynamicServiceProviderEngine.<>c__DisplayClass2_0.<RealizeService>b__0(ServiceProviderEngineScope scope)
   at Microsoft.Extensions.DependencyInjection.ServiceProvider.GetService(ServiceIdentifier serviceIdentifier, ServiceProviderEngineScope serviceProviderEngineScope)
   at Microsoft.Extensions.DependencyInjection.ServiceLookup.ServiceProviderEngineScope.GetService(Type serviceType)
   at Microsoft.Extensions.DependencyInjection.ServiceProviderServiceExtensions.GetRequiredService(IServiceProvider provider, Type serviceType)
   at Microsoft.Extensions.DependencyInjection.ServiceProviderServiceExtensions.GetRequiredService[T](IServiceProvider provider)
   at Program.<Main>$(String[] args) in G:\AppDevelop\VS2025\Lean.Hbt\backend\src\Lean.Hbt.WebApi\Program.cs:line 57
2025-01-21 13:36:03.7122|Fatal|Program|应用程序启动失败SqlSugar.SqlSugarException: ALTER TABLE 只允许添加满足下述条件的列: 列可以包含 Null 值；或者列具有指定的 DEFAULT 定义；或者要添加的列是标识列或时间戳列；或者，如果前几个条件均未满足，则表必须为空以允许添加此列。不能将列“order_num”添加到非空表“hbt_role”中，因为它不满足上述条件。
   at SqlSugar.Check.Exception(Boolean isException, String message, String[] args)
   at SqlSugar.CodeFirstProvider.InitTables(Type entityType)
   at Lean.Hbt.Infrastructure.Data.Contexts.HbtDbContext..ctor(IOptions`1 options, IHbtLogger logger) in G:\AppDevelop\VS2025\Lean.Hbt\backend\src\Lean.Hbt.Infrastructure\Data\Contexts\HbtDbContext.cs:line 162
   at System.RuntimeMethodHandle.InvokeMethod(Object target, Void** arguments, Signature sig, Boolean isConstructor)
   at System.Reflection.MethodBaseInvoker.InvokeDirectByRefWithFewArgs(Object obj, Span`1 copyOfArgs, BindingFlags invokeAttr)
   at System.Reflection.MethodBaseInvoker.InvokeWithFewArgs(Object obj, BindingFlags invokeAttr, Binder binder, Object[] parameters, CultureInfo culture)
   at System.Reflection.RuntimeConstructorInfo.Invoke(BindingFlags invokeAttr, Binder binder, Object[] parameters, CultureInfo culture)
   at Microsoft.Extensions.DependencyInjection.ServiceLookup.CallSiteRuntimeResolver.VisitConstructor(ConstructorCallSite constructorCallSite, RuntimeResolverContext context)
   at Microsoft.Extensions.DependencyInjection.ServiceLookup.CallSiteVisitor`2.VisitCallSiteMain(ServiceCallSite callSite, TArgument argument)
   at Microsoft.Extensions.DependencyInjection.ServiceLookup.CallSiteRuntimeResolver.VisitCache(ServiceCallSite callSite, RuntimeResolverContext context, ServiceProviderEngineScope serviceProviderEngine, RuntimeResolverLock lockType)
   at Microsoft.Extensions.DependencyInjection.ServiceLookup.CallSiteRuntimeResolver.VisitScopeCache(ServiceCallSite callSite, RuntimeResolverContext context)
   at Microsoft.Extensions.DependencyInjection.ServiceLookup.CallSiteVisitor`2.VisitCallSite(ServiceCallSite callSite, TArgument argument)
   at Microsoft.Extensions.DependencyInjection.ServiceLookup.CallSiteRuntimeResolver.Resolve(ServiceCallSite callSite, ServiceProviderEngineScope scope)
   at Microsoft.Extensions.DependencyInjection.ServiceLookup.DynamicServiceProviderEngine.<>c__DisplayClass2_0.<RealizeService>b__0(ServiceProviderEngineScope scope)
   at Microsoft.Extensions.DependencyInjection.ServiceProvider.GetService(ServiceIdentifier serviceIdentifier, ServiceProviderEngineScope serviceProviderEngineScope)
   at Microsoft.Extensions.DependencyInjection.ServiceLookup.ServiceProviderEngineScope.GetService(Type serviceType)
   at Microsoft.Extensions.DependencyInjection.ServiceProviderServiceExtensions.GetRequiredService(IServiceProvider provider, Type serviceType)
   at Microsoft.Extensions.DependencyInjection.ServiceProviderServiceExtensions.GetRequiredService[T](IServiceProvider provider)
   at Program.<Main>$(String[] args) in G:\AppDevelop\VS2025\Lean.Hbt\backend\src\Lean.Hbt.WebApi\Program.cs:line 57
2025-01-21 13:54:13.8008|Fatal|Program|应用程序启动失败SqlSugar.SqlSugarException: ALTER TABLE 只允许添加满足下述条件的列: 列可以包含 Null 值；或者列具有指定的 DEFAULT 定义；或者要添加的列是标识列或时间戳列；或者，如果前几个条件均未满足，则表必须为空以允许添加此列。不能将列“order_num”添加到非空表“hbt_role”中，因为它不满足上述条件。
   at SqlSugar.Check.Exception(Boolean isException, String message, String[] args)
   at SqlSugar.CodeFirstProvider.InitTables(Type entityType)
   at Lean.Hbt.Infrastructure.Data.Contexts.HbtDbContext..ctor(IOptions`1 options, IHbtLogger logger) in G:\AppDevelop\VS2025\Lean.Hbt\backend\src\Lean.Hbt.Infrastructure\Data\Contexts\HbtDbContext.cs:line 162
   at System.RuntimeMethodHandle.InvokeMethod(Object target, Void** arguments, Signature sig, Boolean isConstructor)
   at System.Reflection.MethodBaseInvoker.InvokeDirectByRefWithFewArgs(Object obj, Span`1 copyOfArgs, BindingFlags invokeAttr)
   at System.Reflection.MethodBaseInvoker.InvokeWithFewArgs(Object obj, BindingFlags invokeAttr, Binder binder, Object[] parameters, CultureInfo culture)
   at System.Reflection.RuntimeConstructorInfo.Invoke(BindingFlags invokeAttr, Binder binder, Object[] parameters, CultureInfo culture)
   at Microsoft.Extensions.DependencyInjection.ServiceLookup.CallSiteRuntimeResolver.VisitConstructor(ConstructorCallSite constructorCallSite, RuntimeResolverContext context)
   at Microsoft.Extensions.DependencyInjection.ServiceLookup.CallSiteVisitor`2.VisitCallSiteMain(ServiceCallSite callSite, TArgument argument)
   at Microsoft.Extensions.DependencyInjection.ServiceLookup.CallSiteRuntimeResolver.VisitCache(ServiceCallSite callSite, RuntimeResolverContext context, ServiceProviderEngineScope serviceProviderEngine, RuntimeResolverLock lockType)
   at Microsoft.Extensions.DependencyInjection.ServiceLookup.CallSiteRuntimeResolver.VisitScopeCache(ServiceCallSite callSite, RuntimeResolverContext context)
   at Microsoft.Extensions.DependencyInjection.ServiceLookup.CallSiteVisitor`2.VisitCallSite(ServiceCallSite callSite, TArgument argument)
   at Microsoft.Extensions.DependencyInjection.ServiceLookup.CallSiteRuntimeResolver.Resolve(ServiceCallSite callSite, ServiceProviderEngineScope scope)
   at Microsoft.Extensions.DependencyInjection.ServiceLookup.DynamicServiceProviderEngine.<>c__DisplayClass2_0.<RealizeService>b__0(ServiceProviderEngineScope scope)
   at Microsoft.Extensions.DependencyInjection.ServiceProvider.GetService(ServiceIdentifier serviceIdentifier, ServiceProviderEngineScope serviceProviderEngineScope)
   at Microsoft.Extensions.DependencyInjection.ServiceLookup.ServiceProviderEngineScope.GetService(Type serviceType)
   at Microsoft.Extensions.DependencyInjection.ServiceProviderServiceExtensions.GetRequiredService(IServiceProvider provider, Type serviceType)
   at Microsoft.Extensions.DependencyInjection.ServiceProviderServiceExtensions.GetRequiredService[T](IServiceProvider provider)
   at Program.<Main>$(String[] args) in G:\AppDevelop\VS2025\Lean.Hbt\backend\src\Lean.Hbt.WebApi\Program.cs:line 57
2025-01-21 14:03:46.3228|Fatal|Program|应用程序启动失败SqlSugar.SqlSugarException: ALTER TABLE 只允许添加满足下述条件的列: 列可以包含 Null 值；或者列具有指定的 DEFAULT 定义；或者要添加的列是标识列或时间戳列；或者，如果前几个条件均未满足，则表必须为空以允许添加此列。不能将列“order_num”添加到非空表“hbt_role”中，因为它不满足上述条件。
   at SqlSugar.Check.Exception(Boolean isException, String message, String[] args)
   at SqlSugar.CodeFirstProvider.InitTables(Type entityType)
   at Lean.Hbt.Infrastructure.Data.Contexts.HbtDbContext..ctor(IOptions`1 options, IHbtLogger logger) in G:\AppDevelop\VS2025\Lean.Hbt\backend\src\Lean.Hbt.Infrastructure\Data\Contexts\HbtDbContext.cs:line 162
   at System.RuntimeMethodHandle.InvokeMethod(Object target, Void** arguments, Signature sig, Boolean isConstructor)
   at System.Reflection.MethodBaseInvoker.InvokeDirectByRefWithFewArgs(Object obj, Span`1 copyOfArgs, BindingFlags invokeAttr)
   at System.Reflection.MethodBaseInvoker.InvokeWithFewArgs(Object obj, BindingFlags invokeAttr, Binder binder, Object[] parameters, CultureInfo culture)
   at System.Reflection.RuntimeConstructorInfo.Invoke(BindingFlags invokeAttr, Binder binder, Object[] parameters, CultureInfo culture)
   at Microsoft.Extensions.DependencyInjection.ServiceLookup.CallSiteRuntimeResolver.VisitConstructor(ConstructorCallSite constructorCallSite, RuntimeResolverContext context)
   at Microsoft.Extensions.DependencyInjection.ServiceLookup.CallSiteVisitor`2.VisitCallSiteMain(ServiceCallSite callSite, TArgument argument)
   at Microsoft.Extensions.DependencyInjection.ServiceLookup.CallSiteRuntimeResolver.VisitCache(ServiceCallSite callSite, RuntimeResolverContext context, ServiceProviderEngineScope serviceProviderEngine, RuntimeResolverLock lockType)
   at Microsoft.Extensions.DependencyInjection.ServiceLookup.CallSiteRuntimeResolver.VisitScopeCache(ServiceCallSite callSite, RuntimeResolverContext context)
   at Microsoft.Extensions.DependencyInjection.ServiceLookup.CallSiteVisitor`2.VisitCallSite(ServiceCallSite callSite, TArgument argument)
   at Microsoft.Extensions.DependencyInjection.ServiceLookup.CallSiteRuntimeResolver.Resolve(ServiceCallSite callSite, ServiceProviderEngineScope scope)
   at Microsoft.Extensions.DependencyInjection.ServiceLookup.DynamicServiceProviderEngine.<>c__DisplayClass2_0.<RealizeService>b__0(ServiceProviderEngineScope scope)
   at Microsoft.Extensions.DependencyInjection.ServiceProvider.GetService(ServiceIdentifier serviceIdentifier, ServiceProviderEngineScope serviceProviderEngineScope)
   at Microsoft.Extensions.DependencyInjection.ServiceLookup.ServiceProviderEngineScope.GetService(Type serviceType)
   at Microsoft.Extensions.DependencyInjection.ServiceProviderServiceExtensions.GetRequiredService(IServiceProvider provider, Type serviceType)
   at Microsoft.Extensions.DependencyInjection.ServiceProviderServiceExtensions.GetRequiredService[T](IServiceProvider provider)
   at Program.<Main>$(String[] args) in G:\AppDevelop\VS2025\Lean.Hbt\backend\src\Lean.Hbt.WebApi\Program.cs:line 57
2025-01-21 15:46:42.2910|Fatal|Program|应用程序启动失败SqlSugar.SqlSugarException: ALTER TABLE 只允许添加满足下述条件的列: 列可以包含 Null 值；或者列具有指定的 DEFAULT 定义；或者要添加的列是标识列或时间戳列；或者，如果前几个条件均未满足，则表必须为空以允许添加此列。不能将列“order_num”添加到非空表“hbt_role”中，因为它不满足上述条件。
   at SqlSugar.Check.Exception(Boolean isException, String message, String[] args)
   at SqlSugar.CodeFirstProvider.InitTables(Type entityType)
   at Lean.Hbt.Infrastructure.Data.Contexts.HbtDbContext..ctor(IOptions`1 options, IHbtLogger logger) in G:\AppDevelop\VS2025\Lean.Hbt\backend\src\Lean.Hbt.Infrastructure\Data\Contexts\HbtDbContext.cs:line 151
   at System.RuntimeMethodHandle.InvokeMethod(Object target, Void** arguments, Signature sig, Boolean isConstructor)
   at System.Reflection.MethodBaseInvoker.InvokeDirectByRefWithFewArgs(Object obj, Span`1 copyOfArgs, BindingFlags invokeAttr)
   at System.Reflection.MethodBaseInvoker.InvokeWithFewArgs(Object obj, BindingFlags invokeAttr, Binder binder, Object[] parameters, CultureInfo culture)
   at System.Reflection.RuntimeConstructorInfo.Invoke(BindingFlags invokeAttr, Binder binder, Object[] parameters, CultureInfo culture)
   at Microsoft.Extensions.DependencyInjection.ServiceLookup.CallSiteRuntimeResolver.VisitConstructor(ConstructorCallSite constructorCallSite, RuntimeResolverContext context)
   at Microsoft.Extensions.DependencyInjection.ServiceLookup.CallSiteVisitor`2.VisitCallSiteMain(ServiceCallSite callSite, TArgument argument)
   at Microsoft.Extensions.DependencyInjection.ServiceLookup.CallSiteRuntimeResolver.VisitCache(ServiceCallSite callSite, RuntimeResolverContext context, ServiceProviderEngineScope serviceProviderEngine, RuntimeResolverLock lockType)
   at Microsoft.Extensions.DependencyInjection.ServiceLookup.CallSiteRuntimeResolver.VisitScopeCache(ServiceCallSite callSite, RuntimeResolverContext context)
   at Microsoft.Extensions.DependencyInjection.ServiceLookup.CallSiteVisitor`2.VisitCallSite(ServiceCallSite callSite, TArgument argument)
   at Microsoft.Extensions.DependencyInjection.ServiceLookup.CallSiteRuntimeResolver.Resolve(ServiceCallSite callSite, ServiceProviderEngineScope scope)
   at Microsoft.Extensions.DependencyInjection.ServiceLookup.DynamicServiceProviderEngine.<>c__DisplayClass2_0.<RealizeService>b__0(ServiceProviderEngineScope scope)
   at Microsoft.Extensions.DependencyInjection.ServiceProvider.GetService(ServiceIdentifier serviceIdentifier, ServiceProviderEngineScope serviceProviderEngineScope)
   at Microsoft.Extensions.DependencyInjection.ServiceLookup.ServiceProviderEngineScope.GetService(Type serviceType)
   at Microsoft.Extensions.DependencyInjection.ServiceProviderServiceExtensions.GetRequiredService(IServiceProvider provider, Type serviceType)
   at Microsoft.Extensions.DependencyInjection.ServiceProviderServiceExtensions.GetRequiredService[T](IServiceProvider provider)
   at Program.<Main>$(String[] args) in G:\AppDevelop\VS2025\Lean.Hbt\backend\src\Lean.Hbt.WebApi\Program.cs:line 57
2025-01-21 16:17:07.1032|Fatal|Program|应用程序启动失败SqlSugar.SqlSugarException: ALTER TABLE 只允许添加满足下述条件的列: 列可以包含 Null 值；或者列具有指定的 DEFAULT 定义；或者要添加的列是标识列或时间戳列；或者，如果前几个条件均未满足，则表必须为空以允许添加此列。不能将列“order_num”添加到非空表“hbt_role”中，因为它不满足上述条件。
   at SqlSugar.Check.Exception(Boolean isException, String message, String[] args)
   at SqlSugar.CodeFirstProvider.InitTables(Type entityType)
   at Lean.Hbt.Infrastructure.Data.Contexts.HbtDbContext..ctor(IOptions`1 options, IHbtLogger logger) in G:\AppDevelop\VS2025\Lean.Hbt\backend\src\Lean.Hbt.Infrastructure\Data\Contexts\HbtDbContext.cs:line 153
   at System.RuntimeMethodHandle.InvokeMethod(Object target, Void** arguments, Signature sig, Boolean isConstructor)
   at System.Reflection.MethodBaseInvoker.InvokeDirectByRefWithFewArgs(Object obj, Span`1 copyOfArgs, BindingFlags invokeAttr)
   at System.Reflection.MethodBaseInvoker.InvokeWithFewArgs(Object obj, BindingFlags invokeAttr, Binder binder, Object[] parameters, CultureInfo culture)
   at System.Reflection.RuntimeConstructorInfo.Invoke(BindingFlags invokeAttr, Binder binder, Object[] parameters, CultureInfo culture)
   at Microsoft.Extensions.DependencyInjection.ServiceLookup.CallSiteRuntimeResolver.VisitConstructor(ConstructorCallSite constructorCallSite, RuntimeResolverContext context)
   at Microsoft.Extensions.DependencyInjection.ServiceLookup.CallSiteVisitor`2.VisitCallSiteMain(ServiceCallSite callSite, TArgument argument)
   at Microsoft.Extensions.DependencyInjection.ServiceLookup.CallSiteRuntimeResolver.VisitCache(ServiceCallSite callSite, RuntimeResolverContext context, ServiceProviderEngineScope serviceProviderEngine, RuntimeResolverLock lockType)
   at Microsoft.Extensions.DependencyInjection.ServiceLookup.CallSiteRuntimeResolver.VisitScopeCache(ServiceCallSite callSite, RuntimeResolverContext context)
   at Microsoft.Extensions.DependencyInjection.ServiceLookup.CallSiteVisitor`2.VisitCallSite(ServiceCallSite callSite, TArgument argument)
   at Microsoft.Extensions.DependencyInjection.ServiceLookup.CallSiteRuntimeResolver.Resolve(ServiceCallSite callSite, ServiceProviderEngineScope scope)
   at Microsoft.Extensions.DependencyInjection.ServiceLookup.DynamicServiceProviderEngine.<>c__DisplayClass2_0.<RealizeService>b__0(ServiceProviderEngineScope scope)
   at Microsoft.Extensions.DependencyInjection.ServiceProvider.GetService(ServiceIdentifier serviceIdentifier, ServiceProviderEngineScope serviceProviderEngineScope)
   at Microsoft.Extensions.DependencyInjection.ServiceLookup.ServiceProviderEngineScope.GetService(Type serviceType)
   at Microsoft.Extensions.DependencyInjection.ServiceProviderServiceExtensions.GetRequiredService(IServiceProvider provider, Type serviceType)
   at Microsoft.Extensions.DependencyInjection.ServiceProviderServiceExtensions.GetRequiredService[T](IServiceProvider provider)
   at Program.<Main>$(String[] args) in G:\AppDevelop\VS2025\Lean.Hbt\backend\src\Lean.Hbt.WebApi\Program.cs:line 57
2025-01-21 16:21:59.4770|Fatal|Program|应用程序启动失败SqlSugar.SqlSugarException: ALTER TABLE 只允许添加满足下述条件的列: 列可以包含 Null 值；或者列具有指定的 DEFAULT 定义；或者要添加的列是标识列或时间戳列；或者，如果前几个条件均未满足，则表必须为空以允许添加此列。不能将列“order_num”添加到非空表“hbt_role”中，因为它不满足上述条件。
   at SqlSugar.Check.Exception(Boolean isException, String message, String[] args)
   at SqlSugar.CodeFirstProvider.InitTables(Type entityType)
   at Lean.Hbt.Infrastructure.Data.Contexts.HbtDbContext..ctor(IOptions`1 options, IHbtLogger logger) in G:\AppDevelop\VS2025\Lean.Hbt\backend\src\Lean.Hbt.Infrastructure\Data\Contexts\HbtDbContext.cs:line 153
   at System.RuntimeMethodHandle.InvokeMethod(Object target, Void** arguments, Signature sig, Boolean isConstructor)
   at System.Reflection.MethodBaseInvoker.InvokeDirectByRefWithFewArgs(Object obj, Span`1 copyOfArgs, BindingFlags invokeAttr)
   at System.Reflection.MethodBaseInvoker.InvokeWithFewArgs(Object obj, BindingFlags invokeAttr, Binder binder, Object[] parameters, CultureInfo culture)
   at System.Reflection.RuntimeConstructorInfo.Invoke(BindingFlags invokeAttr, Binder binder, Object[] parameters, CultureInfo culture)
   at Microsoft.Extensions.DependencyInjection.ServiceLookup.CallSiteRuntimeResolver.VisitConstructor(ConstructorCallSite constructorCallSite, RuntimeResolverContext context)
   at Microsoft.Extensions.DependencyInjection.ServiceLookup.CallSiteVisitor`2.VisitCallSiteMain(ServiceCallSite callSite, TArgument argument)
   at Microsoft.Extensions.DependencyInjection.ServiceLookup.CallSiteRuntimeResolver.VisitCache(ServiceCallSite callSite, RuntimeResolverContext context, ServiceProviderEngineScope serviceProviderEngine, RuntimeResolverLock lockType)
   at Microsoft.Extensions.DependencyInjection.ServiceLookup.CallSiteRuntimeResolver.VisitScopeCache(ServiceCallSite callSite, RuntimeResolverContext context)
   at Microsoft.Extensions.DependencyInjection.ServiceLookup.CallSiteVisitor`2.VisitCallSite(ServiceCallSite callSite, TArgument argument)
   at Microsoft.Extensions.DependencyInjection.ServiceLookup.CallSiteRuntimeResolver.Resolve(ServiceCallSite callSite, ServiceProviderEngineScope scope)
   at Microsoft.Extensions.DependencyInjection.ServiceLookup.DynamicServiceProviderEngine.<>c__DisplayClass2_0.<RealizeService>b__0(ServiceProviderEngineScope scope)
   at Microsoft.Extensions.DependencyInjection.ServiceProvider.GetService(ServiceIdentifier serviceIdentifier, ServiceProviderEngineScope serviceProviderEngineScope)
   at Microsoft.Extensions.DependencyInjection.ServiceLookup.ServiceProviderEngineScope.GetService(Type serviceType)
   at Microsoft.Extensions.DependencyInjection.ServiceProviderServiceExtensions.GetRequiredService(IServiceProvider provider, Type serviceType)
   at Microsoft.Extensions.DependencyInjection.ServiceProviderServiceExtensions.GetRequiredService[T](IServiceProvider provider)
   at Program.<Main>$(String[] args) in G:\AppDevelop\VS2025\Lean.Hbt\backend\src\Lean.Hbt.WebApi\Program.cs:line 57
2025-01-21 16:29:16.0723|Fatal|Program|应用程序启动失败SqlSugar.SqlSugarException: ALTER TABLE 只允许添加满足下述条件的列: 列可以包含 Null 值；或者列具有指定的 DEFAULT 定义；或者要添加的列是标识列或时间戳列；或者，如果前几个条件均未满足，则表必须为空以允许添加此列。不能将列“order_num”添加到非空表“hbt_role”中，因为它不满足上述条件。
   at SqlSugar.Check.Exception(Boolean isException, String message, String[] args)
   at SqlSugar.CodeFirstProvider.InitTables(Type entityType)
   at Lean.Hbt.Infrastructure.Data.Contexts.HbtDbContext..ctor(IOptions`1 options, IHbtLogger logger) in G:\AppDevelop\VS2025\Lean.Hbt\backend\src\Lean.Hbt.Infrastructure\Data\Contexts\HbtDbContext.cs:line 153
   at System.RuntimeMethodHandle.InvokeMethod(Object target, Void** arguments, Signature sig, Boolean isConstructor)
   at System.Reflection.MethodBaseInvoker.InvokeDirectByRefWithFewArgs(Object obj, Span`1 copyOfArgs, BindingFlags invokeAttr)
   at System.Reflection.MethodBaseInvoker.InvokeWithFewArgs(Object obj, BindingFlags invokeAttr, Binder binder, Object[] parameters, CultureInfo culture)
   at System.Reflection.RuntimeConstructorInfo.Invoke(BindingFlags invokeAttr, Binder binder, Object[] parameters, CultureInfo culture)
   at Microsoft.Extensions.DependencyInjection.ServiceLookup.CallSiteRuntimeResolver.VisitConstructor(ConstructorCallSite constructorCallSite, RuntimeResolverContext context)
   at Microsoft.Extensions.DependencyInjection.ServiceLookup.CallSiteVisitor`2.VisitCallSiteMain(ServiceCallSite callSite, TArgument argument)
   at Microsoft.Extensions.DependencyInjection.ServiceLookup.CallSiteRuntimeResolver.VisitCache(ServiceCallSite callSite, RuntimeResolverContext context, ServiceProviderEngineScope serviceProviderEngine, RuntimeResolverLock lockType)
   at Microsoft.Extensions.DependencyInjection.ServiceLookup.CallSiteRuntimeResolver.VisitScopeCache(ServiceCallSite callSite, RuntimeResolverContext context)
   at Microsoft.Extensions.DependencyInjection.ServiceLookup.CallSiteVisitor`2.VisitCallSite(ServiceCallSite callSite, TArgument argument)
   at Microsoft.Extensions.DependencyInjection.ServiceLookup.CallSiteRuntimeResolver.Resolve(ServiceCallSite callSite, ServiceProviderEngineScope scope)
   at Microsoft.Extensions.DependencyInjection.ServiceLookup.DynamicServiceProviderEngine.<>c__DisplayClass2_0.<RealizeService>b__0(ServiceProviderEngineScope scope)
   at Microsoft.Extensions.DependencyInjection.ServiceProvider.GetService(ServiceIdentifier serviceIdentifier, ServiceProviderEngineScope serviceProviderEngineScope)
   at Microsoft.Extensions.DependencyInjection.ServiceLookup.ServiceProviderEngineScope.GetService(Type serviceType)
   at Microsoft.Extensions.DependencyInjection.ServiceProviderServiceExtensions.GetRequiredService(IServiceProvider provider, Type serviceType)
   at Microsoft.Extensions.DependencyInjection.ServiceProviderServiceExtensions.GetRequiredService[T](IServiceProvider provider)
   at Program.<Main>$(String[] args) in G:\AppDevelop\VS2025\Lean.Hbt\backend\src\Lean.Hbt.WebApi\Program.cs:line 57
